Welcome to JMX terminal. Type "help" for available commands.
#Connection to 127.0.0.1:7199 is opened
#mbean = org.apache.cassandra.metrics:type=ColumnFamily,keyspace=keyspace1,scope=counter1,name=LiveSSTableCount:
0
#mbean = org.apache.cassandra.metrics:type=ClientRequest,scope=Write,name=Latency:
276.05779999999976
#mbean = org.apache.cassandra.metrics:type=ColumnFamily,keyspace=keyspace1,scope=counter1,name=AllMemtablesLiveDataSize:
0
#mbean = org.apache.cassandra.metrics:type=ColumnFamily,keyspace=keyspace1,scope=counter1,name=LiveSSTableCount:
0
#mbean = org.apache.cassandra.metrics:type=ClientRequest,scope=Write,name=Latency:
272.11679999999996
#mbean = org.apache.cassandra.metrics:type=ColumnFamily,keyspace=keyspace1,scope=counter1,name=AllMemtablesLiveDataSize:
0
#mbean = org.apache.cassandra.metrics:type=ColumnFamily,keyspace=keyspace1,scope=counter1,name=LiveSSTableCount:
0
#mbean = org.apache.cassandra.metrics:type=ClientRequest,scope=Write,name=Latency:
272.11679999999996
#mbean = org.apache.cassandra.metrics:type=ColumnFamily,keyspace=keyspace1,scope=counter1,name=AllMemtablesLiveDataSize:
0
#mbean = org.apache.cassandra.metrics:type=ColumnFamily,keyspace=keyspace1,scope=counter1,name=LiveSSTableCount:
0
#mbean = org.apache.cassandra.metrics:type=ClientRequest,scope=Write,name=Latency:
272.11679999999996
#mbean = org.apache.cassandra.metrics:type=ColumnFamily,keyspace=keyspace1,scope=counter1,name=AllMemtablesLiveDataSize:
0
#mbean = org.apache.cassandra.metrics:type=ColumnFamily,keyspace=keyspace1,scope=counter1,name=LiveSSTableCount:
0
#mbean = org.apache.cassandra.metrics:type=ClientRequest,scope=Write,name=Latency:
272.11679999999996
#mbean = org.apache.cassandra.metrics:type=ColumnFamily,keyspace=keyspace1,scope=counter1,name=AllMemtablesLiveDataSize:
0
#mbean = org.apache.cassandra.metrics:type=ColumnFamily,keyspace=keyspace1,scope=counter1,name=LiveSSTableCount:
0
#mbean = org.apache.cassandra.metrics:type=ClientRequest,scope=Write,name=Latency:
276.05779999999976
#mbean = org.apache.cassandra.metrics:type=ColumnFamily,keyspace=keyspace1,scope=counter1,name=AllMemtablesLiveDataSize:
0
#mbean = org.apache.cassandra.metrics:type=ColumnFamily,keyspace=keyspace1,scope=counter1,name=LiveSSTableCount:
0
#mbean = org.apache.cassandra.metrics:type=ClientRequest,scope=Write,name=Latency:
276.05779999999976
#mbean = org.apache.cassandra.metrics:type=ColumnFamily,keyspace=keyspace1,scope=counter1,name=AllMemtablesLiveDataSize:
0
#mbean = org.apache.cassandra.metrics:type=ColumnFamily,keyspace=keyspace1,scope=counter1,name=LiveSSTableCount:
0
#mbean = org.apache.cassandra.metrics:type=ClientRequest,scope=Write,name=Latency:
276.05779999999976
#mbean = org.apache.cassandra.metrics:type=ColumnFamily,keyspace=keyspace1,scope=counter1,name=AllMemtablesLiveDataSize:
0
#mbean = org.apache.cassandra.metrics:type=ColumnFamily,keyspace=keyspace1,scope=counter1,name=LiveSSTableCount:
0
#mbean = org.apache.cassandra.metrics:type=ClientRequest,scope=Write,name=Latency:
276.05779999999976
#mbean = org.apache.cassandra.metrics:type=ColumnFamily,keyspace=keyspace1,scope=counter1,name=AllMemtablesLiveDataSize:
0
#mbean = org.apache.cassandra.metrics:type=ColumnFamily,keyspace=keyspace1,scope=counter1,name=LiveSSTableCount:
0
#mbean = org.apache.cassandra.metrics:type=ClientRequest,scope=Write,name=Latency:
276.05779999999976
#mbean = org.apache.cassandra.metrics:type=ColumnFamily,keyspace=keyspace1,scope=counter1,name=AllMemtablesLiveDataSize:
0
#mbean = org.apache.cassandra.metrics:type=ColumnFamily,keyspace=keyspace1,scope=counter1,name=LiveSSTableCount:
0
#mbean = org.apache.cassandra.metrics:type=ClientRequest,scope=Write,name=Latency:
276.05779999999976
#mbean = org.apache.cassandra.metrics:type=ColumnFamily,keyspace=keyspace1,scope=counter1,name=AllMemtablesLiveDataSize:
0
#mbean = org.apache.cassandra.metrics:type=ColumnFamily,keyspace=keyspace1,scope=counter1,name=LiveSSTableCount:
0
#mbean = org.apache.cassandra.metrics:type=ClientRequest,scope=Write,name=Latency:
272.11679999999996
#mbean = org.apache.cassandra.metrics:type=ColumnFamily,keyspace=keyspace1,scope=counter1,name=AllMemtablesLiveDataSize:
0
#mbean = org.apache.cassandra.metrics:type=ColumnFamily,keyspace=keyspace1,scope=counter1,name=LiveSSTableCount:
0
#mbean = org.apache.cassandra.metrics:type=ClientRequest,scope=Write,name=Latency:
281.3166999999998
#mbean = org.apache.cassandra.metrics:type=ColumnFamily,keyspace=keyspace1,scope=counter1,name=AllMemtablesLiveDataSize:
0
#mbean = org.apache.cassandra.metrics:type=ColumnFamily,keyspace=keyspace1,scope=counter1,name=LiveSSTableCount:
0
#mbean = org.apache.cassandra.metrics:type=ClientRequest,scope=Write,name=Latency:
276.05779999999976
#mbean = org.apache.cassandra.metrics:type=ColumnFamily,keyspace=keyspace1,scope=counter1,name=AllMemtablesLiveDataSize:
0
#mbean = org.apache.cassandra.metrics:type=ColumnFamily,keyspace=keyspace1,scope=counter1,name=LiveSSTableCount:
0
#mbean = org.apache.cassandra.metrics:type=ClientRequest,scope=Write,name=Latency:
276.05779999999976
#mbean = org.apache.cassandra.metrics:type=ColumnFamily,keyspace=keyspace1,scope=counter1,name=AllMemtablesLiveDataSize:
0
#mbean = org.apache.cassandra.metrics:type=ColumnFamily,keyspace=keyspace1,scope=counter1,name=LiveSSTableCount:
0
#mbean = org.apache.cassandra.metrics:type=ClientRequest,scope=Write,name=Latency:
276.05779999999976
#mbean = org.apache.cassandra.metrics:type=ColumnFamily,keyspace=keyspace1,scope=counter1,name=AllMemtablesLiveDataSize:
0
#mbean = org.apache.cassandra.metrics:type=ColumnFamily,keyspace=keyspace1,scope=counter1,name=LiveSSTableCount:
0
#mbean = org.apache.cassandra.metrics:type=ClientRequest,scope=Write,name=Latency:
276.05779999999976
#mbean = org.apache.cassandra.metrics:type=ColumnFamily,keyspace=keyspace1,scope=counter1,name=AllMemtablesLiveDataSize:
0
#mbean = org.apache.cassandra.metrics:type=ColumnFamily,keyspace=keyspace1,scope=counter1,name=LiveSSTableCount:
0
#mbean = org.apache.cassandra.metrics:type=ClientRequest,scope=Write,name=Latency:
276.05779999999976
#mbean = org.apache.cassandra.metrics:type=ColumnFamily,keyspace=keyspace1,scope=counter1,name=AllMemtablesLiveDataSize:
0
#mbean = org.apache.cassandra.metrics:type=ColumnFamily,keyspace=keyspace1,scope=counter1,name=LiveSSTableCount:
0
#mbean = org.apache.cassandra.metrics:type=ClientRequest,scope=Write,name=Latency:
276.05779999999976
#mbean = org.apache.cassandra.metrics:type=ColumnFamily,keyspace=keyspace1,scope=counter1,name=AllMemtablesLiveDataSize:
0
#mbean = org.apache.cassandra.metrics:type=ColumnFamily,keyspace=keyspace1,scope=counter1,name=LiveSSTableCount:
0
#mbean = org.apache.cassandra.metrics:type=ClientRequest,scope=Write,name=Latency:
276.05779999999976
#mbean = org.apache.cassandra.metrics:type=ColumnFamily,keyspace=keyspace1,scope=counter1,name=AllMemtablesLiveDataSize:
0
#mbean = org.apache.cassandra.metrics:type=ColumnFamily,keyspace=keyspace1,scope=counter1,name=LiveSSTableCount:
0
#mbean = org.apache.cassandra.metrics:type=ClientRequest,scope=Write,name=Latency:
276.05779999999976
#mbean = org.apache.cassandra.metrics:type=ColumnFamily,keyspace=keyspace1,scope=counter1,name=AllMemtablesLiveDataSize:
0
#mbean = org.apache.cassandra.metrics:type=ColumnFamily,keyspace=keyspace1,scope=counter1,name=LiveSSTableCount:
0
#mbean = org.apache.cassandra.metrics:type=ClientRequest,scope=Write,name=Latency:
276.05779999999976
#mbean = org.apache.cassandra.metrics:type=ColumnFamily,keyspace=keyspace1,scope=counter1,name=AllMemtablesLiveDataSize:
0
#mbean = org.apache.cassandra.metrics:type=ColumnFamily,keyspace=keyspace1,scope=counter1,name=LiveSSTableCount:
0
#mbean = org.apache.cassandra.metrics:type=ClientRequest,scope=Write,name=Latency:
276.05779999999976
#mbean = org.apache.cassandra.metrics:type=ColumnFamily,keyspace=keyspace1,scope=counter1,name=AllMemtablesLiveDataSize:
0
#mbean = org.apache.cassandra.metrics:type=ColumnFamily,keyspace=keyspace1,scope=counter1,name=LiveSSTableCount:
0
#mbean = org.apache.cassandra.metrics:type=ClientRequest,scope=Write,name=Latency:
266.19554999999957
#mbean = org.apache.cassandra.metrics:type=ColumnFamily,keyspace=keyspace1,scope=counter1,name=AllMemtablesLiveDataSize:
0
#mbean = org.apache.cassandra.metrics:type=ColumnFamily,keyspace=keyspace1,scope=counter1,name=LiveSSTableCount:
0
#mbean = org.apache.cassandra.metrics:type=ClientRequest,scope=Write,name=Latency:
266.19554999999957
#mbean = org.apache.cassandra.metrics:type=ColumnFamily,keyspace=keyspace1,scope=counter1,name=AllMemtablesLiveDataSize:
0
#mbean = org.apache.cassandra.metrics:type=ColumnFamily,keyspace=keyspace1,scope=counter1,name=LiveSSTableCount:
0
#mbean = org.apache.cassandra.metrics:type=ClientRequest,scope=Write,name=Latency:
266.19554999999957
#mbean = org.apache.cassandra.metrics:type=ColumnFamily,keyspace=keyspace1,scope=counter1,name=AllMemtablesLiveDataSize:
0
#mbean = org.apache.cassandra.metrics:type=ColumnFamily,keyspace=keyspace1,scope=counter1,name=LiveSSTableCount:
0
#mbean = org.apache.cassandra.metrics:type=ClientRequest,scope=Write,name=Latency:
268.25564999999983
#mbean = org.apache.cassandra.metrics:type=ColumnFamily,keyspace=keyspace1,scope=counter1,name=AllMemtablesLiveDataSize:
0
#mbean = org.apache.cassandra.metrics:type=ColumnFamily,keyspace=keyspace1,scope=counter1,name=LiveSSTableCount:
0
#mbean = org.apache.cassandra.metrics:type=ClientRequest,scope=Write,name=Latency:
268.25564999999983
#mbean = org.apache.cassandra.metrics:type=ColumnFamily,keyspace=keyspace1,scope=counter1,name=AllMemtablesLiveDataSize:
0
#mbean = org.apache.cassandra.metrics:type=ColumnFamily,keyspace=keyspace1,scope=counter1,name=LiveSSTableCount:
0
#mbean = org.apache.cassandra.metrics:type=ClientRequest,scope=Write,name=Latency:
268.25564999999983
#mbean = org.apache.cassandra.metrics:type=ColumnFamily,keyspace=keyspace1,scope=counter1,name=AllMemtablesLiveDataSize:
0
#mbean = org.apache.cassandra.metrics:type=ColumnFamily,keyspace=keyspace1,scope=counter1,name=LiveSSTableCount:
0
#mbean = org.apache.cassandra.metrics:type=ClientRequest,scope=Write,name=Latency:
263.8288999999998
#mbean = org.apache.cassandra.metrics:type=ColumnFamily,keyspace=keyspace1,scope=counter1,name=AllMemtablesLiveDataSize:
0
#mbean = org.apache.cassandra.metrics:type=ColumnFamily,keyspace=keyspace1,scope=counter1,name=LiveSSTableCount:
0
#mbean = org.apache.cassandra.metrics:type=ClientRequest,scope=Write,name=Latency:
263.8288999999998
#mbean = org.apache.cassandra.metrics:type=ColumnFamily,keyspace=keyspace1,scope=counter1,name=AllMemtablesLiveDataSize:
0
#mbean = org.apache.cassandra.metrics:type=ColumnFamily,keyspace=keyspace1,scope=counter1,name=LiveSSTableCount:
0
#mbean = org.apache.cassandra.metrics:type=ClientRequest,scope=Write,name=Latency:
263.8288999999998
#mbean = org.apache.cassandra.metrics:type=ColumnFamily,keyspace=keyspace1,scope=counter1,name=AllMemtablesLiveDataSize:
0
#mbean = org.apache.cassandra.metrics:type=ColumnFamily,keyspace=keyspace1,scope=counter1,name=LiveSSTableCount:
0
#mbean = org.apache.cassandra.metrics:type=ClientRequest,scope=Write,name=Latency:
263.8288999999998
#mbean = org.apache.cassandra.metrics:type=ColumnFamily,keyspace=keyspace1,scope=counter1,name=AllMemtablesLiveDataSize:
0
#mbean = org.apache.cassandra.metrics:type=ColumnFamily,keyspace=keyspace1,scope=counter1,name=LiveSSTableCount:
0
#mbean = org.apache.cassandra.metrics:type=ClientRequest,scope=Write,name=Latency:
263.8288999999998
#mbean = org.apache.cassandra.metrics:type=ColumnFamily,keyspace=keyspace1,scope=counter1,name=AllMemtablesLiveDataSize:
0
#mbean = org.apache.cassandra.metrics:type=ColumnFamily,keyspace=keyspace1,scope=counter1,name=LiveSSTableCount:
0
#mbean = org.apache.cassandra.metrics:type=ClientRequest,scope=Write,name=Latency:
263.8288999999998
#mbean = org.apache.cassandra.metrics:type=ColumnFamily,keyspace=keyspace1,scope=counter1,name=AllMemtablesLiveDataSize:
0
#mbean = org.apache.cassandra.metrics:type=ColumnFamily,keyspace=keyspace1,scope=counter1,name=LiveSSTableCount:
0
#mbean = org.apache.cassandra.metrics:type=ClientRequest,scope=Write,name=Latency:
230.09449999999987
#mbean = org.apache.cassandra.metrics:type=ColumnFamily,keyspace=keyspace1,scope=counter1,name=AllMemtablesLiveDataSize:
0
#mbean = org.apache.cassandra.metrics:type=ColumnFamily,keyspace=keyspace1,scope=counter1,name=LiveSSTableCount:
0
#mbean = org.apache.cassandra.metrics:type=ClientRequest,scope=Write,name=Latency:
230.09449999999987
#mbean = org.apache.cassandra.metrics:type=ColumnFamily,keyspace=keyspace1,scope=counter1,name=AllMemtablesLiveDataSize:
0
#mbean = org.apache.cassandra.metrics:type=ColumnFamily,keyspace=keyspace1,scope=counter1,name=LiveSSTableCount:
0
#mbean = org.apache.cassandra.metrics:type=ClientRequest,scope=Write,name=Latency:
230.09449999999987
#mbean = org.apache.cassandra.metrics:type=ColumnFamily,keyspace=keyspace1,scope=counter1,name=AllMemtablesLiveDataSize:
0
#mbean = org.apache.cassandra.metrics:type=ColumnFamily,keyspace=keyspace1,scope=counter1,name=LiveSSTableCount:
0
#mbean = org.apache.cassandra.metrics:type=ClientRequest,scope=Write,name=Latency:
230.09449999999987
#mbean = org.apache.cassandra.metrics:type=ColumnFamily,keyspace=keyspace1,scope=counter1,name=AllMemtablesLiveDataSize:
0
#mbean = org.apache.cassandra.metrics:type=ColumnFamily,keyspace=keyspace1,scope=counter1,name=LiveSSTableCount:
0
#mbean = org.apache.cassandra.metrics:type=ClientRequest,scope=Write,name=Latency:
230.09449999999987
#mbean = org.apache.cassandra.metrics:type=ColumnFamily,keyspace=keyspace1,scope=counter1,name=AllMemtablesLiveDataSize:
0
#mbean = org.apache.cassandra.metrics:type=ColumnFamily,keyspace=keyspace1,scope=counter1,name=LiveSSTableCount:
0
#mbean = org.apache.cassandra.metrics:type=ClientRequest,scope=Write,name=Latency:
230.09449999999987
#mbean = org.apache.cassandra.metrics:type=ColumnFamily,keyspace=keyspace1,scope=counter1,name=AllMemtablesLiveDataSize:
0
#mbean = org.apache.cassandra.metrics:type=ColumnFamily,keyspace=keyspace1,scope=counter1,name=LiveSSTableCount:
0
#mbean = org.apache.cassandra.metrics:type=ClientRequest,scope=Write,name=Latency:
230.09449999999987
#mbean = org.apache.cassandra.metrics:type=ColumnFamily,keyspace=keyspace1,scope=counter1,name=AllMemtablesLiveDataSize:
0
#mbean = org.apache.cassandra.metrics:type=ColumnFamily,keyspace=keyspace1,scope=counter1,name=LiveSSTableCount:
0
#mbean = org.apache.cassandra.metrics:type=ClientRequest,scope=Write,name=Latency:
230.09449999999987
#mbean = org.apache.cassandra.metrics:type=ColumnFamily,keyspace=keyspace1,scope=counter1,name=AllMemtablesLiveDataSize:
0
#mbean = org.apache.cassandra.metrics:type=ColumnFamily,keyspace=keyspace1,scope=counter1,name=LiveSSTableCount:
0
#mbean = org.apache.cassandra.metrics:type=ClientRequest,scope=Write,name=Latency:
230.09449999999987
#mbean = org.apache.cassandra.metrics:type=ColumnFamily,keyspace=keyspace1,scope=counter1,name=AllMemtablesLiveDataSize:
0
#mbean = org.apache.cassandra.metrics:type=ColumnFamily,keyspace=keyspace1,scope=counter1,name=LiveSSTableCount:
0
#mbean = org.apache.cassandra.metrics:type=ClientRequest,scope=Write,name=Latency:
228.4277
#mbean = org.apache.cassandra.metrics:type=ColumnFamily,keyspace=keyspace1,scope=counter1,name=AllMemtablesLiveDataSize:
0
#mbean = org.apache.cassandra.metrics:type=ColumnFamily,keyspace=keyspace1,scope=counter1,name=LiveSSTableCount:
0
#mbean = org.apache.cassandra.metrics:type=ClientRequest,scope=Write,name=Latency:
228.4277
#mbean = org.apache.cassandra.metrics:type=ColumnFamily,keyspace=keyspace1,scope=counter1,name=AllMemtablesLiveDataSize:
0
#mbean = org.apache.cassandra.metrics:type=ColumnFamily,keyspace=keyspace1,scope=counter1,name=LiveSSTableCount:
0
#mbean = org.apache.cassandra.metrics:type=ClientRequest,scope=Write,name=Latency:
228.4277
#mbean = org.apache.cassandra.metrics:type=ColumnFamily,keyspace=keyspace1,scope=counter1,name=AllMemtablesLiveDataSize:
0
#mbean = org.apache.cassandra.metrics:type=ColumnFamily,keyspace=keyspace1,scope=counter1,name=LiveSSTableCount:
0
#mbean = org.apache.cassandra.metrics:type=ClientRequest,scope=Write,name=Latency:
223.47805
#mbean = org.apache.cassandra.metrics:type=ColumnFamily,keyspace=keyspace1,scope=counter1,name=AllMemtablesLiveDataSize:
0
#mbean = org.apache.cassandra.metrics:type=ColumnFamily,keyspace=keyspace1,scope=counter1,name=LiveSSTableCount:
0
#mbean = org.apache.cassandra.metrics:type=ClientRequest,scope=Write,name=Latency:
223.25744999999998
#mbean = org.apache.cassandra.metrics:type=ColumnFamily,keyspace=keyspace1,scope=counter1,name=AllMemtablesLiveDataSize:
0
#mbean = org.apache.cassandra.metrics:type=ColumnFamily,keyspace=keyspace1,scope=counter1,name=LiveSSTableCount:
0
#mbean = org.apache.cassandra.metrics:type=ClientRequest,scope=Write,name=Latency:
223.25744999999998
#mbean = org.apache.cassandra.metrics:type=ColumnFamily,keyspace=keyspace1,scope=counter1,name=AllMemtablesLiveDataSize:
0
#mbean = org.apache.cassandra.metrics:type=ColumnFamily,keyspace=keyspace1,scope=counter1,name=LiveSSTableCount:
0
#mbean = org.apache.cassandra.metrics:type=ClientRequest,scope=Write,name=Latency:
223.25744999999998
#mbean = org.apache.cassandra.metrics:type=ColumnFamily,keyspace=keyspace1,scope=counter1,name=AllMemtablesLiveDataSize:
0
#mbean = org.apache.cassandra.metrics:type=ColumnFamily,keyspace=keyspace1,scope=counter1,name=LiveSSTableCount:
0
#mbean = org.apache.cassandra.metrics:type=ClientRequest,scope=Write,name=Latency:
223.25744999999998
#mbean = org.apache.cassandra.metrics:type=ColumnFamily,keyspace=keyspace1,scope=counter1,name=AllMemtablesLiveDataSize:
0
#mbean = org.apache.cassandra.metrics:type=ColumnFamily,keyspace=keyspace1,scope=counter1,name=LiveSSTableCount:
0
#mbean = org.apache.cassandra.metrics:type=ClientRequest,scope=Write,name=Latency:
223.47805
#mbean = org.apache.cassandra.metrics:type=ColumnFamily,keyspace=keyspace1,scope=counter1,name=AllMemtablesLiveDataSize:
0
#mbean = org.apache.cassandra.metrics:type=ColumnFamily,keyspace=keyspace1,scope=counter1,name=LiveSSTableCount:
0
#mbean = org.apache.cassandra.metrics:type=ClientRequest,scope=Write,name=Latency:
223.25744999999998
#mbean = org.apache.cassandra.metrics:type=ColumnFamily,keyspace=keyspace1,scope=counter1,name=AllMemtablesLiveDataSize:
0
#mbean = org.apache.cassandra.metrics:type=ColumnFamily,keyspace=keyspace1,scope=counter1,name=LiveSSTableCount:
0
#mbean = org.apache.cassandra.metrics:type=ClientRequest,scope=Write,name=Latency:
223.25744999999998
#mbean = org.apache.cassandra.metrics:type=ColumnFamily,keyspace=keyspace1,scope=counter1,name=AllMemtablesLiveDataSize:
0
#mbean = org.apache.cassandra.metrics:type=ColumnFamily,keyspace=keyspace1,scope=counter1,name=LiveSSTableCount:
0
#mbean = org.apache.cassandra.metrics:type=ClientRequest,scope=Write,name=Latency:
223.25744999999998
#mbean = org.apache.cassandra.metrics:type=ColumnFamily,keyspace=keyspace1,scope=counter1,name=AllMemtablesLiveDataSize:
0
#mbean = org.apache.cassandra.metrics:type=ColumnFamily,keyspace=keyspace1,scope=counter1,name=LiveSSTableCount:
0
#mbean = org.apache.cassandra.metrics:type=ClientRequest,scope=Write,name=Latency:
223.25744999999998
#mbean = org.apache.cassandra.metrics:type=ColumnFamily,keyspace=keyspace1,scope=counter1,name=AllMemtablesLiveDataSize:
0
#mbean = org.apache.cassandra.metrics:type=ColumnFamily,keyspace=keyspace1,scope=counter1,name=LiveSSTableCount:
0
#mbean = org.apache.cassandra.metrics:type=ClientRequest,scope=Write,name=Latency:
223.25744999999998
#mbean = org.apache.cassandra.metrics:type=ColumnFamily,keyspace=keyspace1,scope=counter1,name=AllMemtablesLiveDataSize:
0
#mbean = org.apache.cassandra.metrics:type=ColumnFamily,keyspace=keyspace1,scope=counter1,name=LiveSSTableCount:
0
#mbean = org.apache.cassandra.metrics:type=ClientRequest,scope=Write,name=Latency:
218.7880499999999
#mbean = org.apache.cassandra.metrics:type=ColumnFamily,keyspace=keyspace1,scope=counter1,name=AllMemtablesLiveDataSize:
0
#mbean = org.apache.cassandra.metrics:type=ColumnFamily,keyspace=keyspace1,scope=counter1,name=LiveSSTableCount:
0
#mbean = org.apache.cassandra.metrics:type=ClientRequest,scope=Write,name=Latency:
218.7880499999999
#mbean = org.apache.cassandra.metrics:type=ColumnFamily,keyspace=keyspace1,scope=counter1,name=AllMemtablesLiveDataSize:
0
#mbean = org.apache.cassandra.metrics:type=ColumnFamily,keyspace=keyspace1,scope=counter1,name=LiveSSTableCount:
0
#mbean = org.apache.cassandra.metrics:type=ClientRequest,scope=Write,name=Latency:
218.7880499999999
#mbean = org.apache.cassandra.metrics:type=ColumnFamily,keyspace=keyspace1,scope=counter1,name=AllMemtablesLiveDataSize:
0
#mbean = org.apache.cassandra.metrics:type=ColumnFamily,keyspace=keyspace1,scope=counter1,name=LiveSSTableCount:
0
#mbean = org.apache.cassandra.metrics:type=ClientRequest,scope=Write,name=Latency:
218.7880499999999
#mbean = org.apache.cassandra.metrics:type=ColumnFamily,keyspace=keyspace1,scope=counter1,name=AllMemtablesLiveDataSize:
0
#mbean = org.apache.cassandra.metrics:type=ColumnFamily,keyspace=keyspace1,scope=counter1,name=LiveSSTableCount:
0
#mbean = org.apache.cassandra.metrics:type=ClientRequest,scope=Write,name=Latency:
218.7880499999999
#mbean = org.apache.cassandra.metrics:type=ColumnFamily,keyspace=keyspace1,scope=counter1,name=AllMemtablesLiveDataSize:
0
#mbean = org.apache.cassandra.metrics:type=ColumnFamily,keyspace=keyspace1,scope=counter1,name=LiveSSTableCount:
0
#mbean = org.apache.cassandra.metrics:type=ClientRequest,scope=Write,name=Latency:
218.7880499999999
#mbean = org.apache.cassandra.metrics:type=ColumnFamily,keyspace=keyspace1,scope=counter1,name=AllMemtablesLiveDataSize:
0
#mbean = org.apache.cassandra.metrics:type=ColumnFamily,keyspace=keyspace1,scope=counter1,name=LiveSSTableCount:
0
#mbean = org.apache.cassandra.metrics:type=ClientRequest,scope=Write,name=Latency:
218.7880499999999
#mbean = org.apache.cassandra.metrics:type=ColumnFamily,keyspace=keyspace1,scope=counter1,name=AllMemtablesLiveDataSize:
0
#mbean = org.apache.cassandra.metrics:type=ColumnFamily,keyspace=keyspace1,scope=counter1,name=LiveSSTableCount:
0
#mbean = org.apache.cassandra.metrics:type=ClientRequest,scope=Write,name=Latency:
218.7880499999999
#mbean = org.apache.cassandra.metrics:type=ColumnFamily,keyspace=keyspace1,scope=counter1,name=AllMemtablesLiveDataSize:
0
#mbean = org.apache.cassandra.metrics:type=ColumnFamily,keyspace=keyspace1,scope=counter1,name=LiveSSTableCount:
0
#mbean = org.apache.cassandra.metrics:type=ClientRequest,scope=Write,name=Latency:
218.7880499999999
#mbean = org.apache.cassandra.metrics:type=ColumnFamily,keyspace=keyspace1,scope=counter1,name=AllMemtablesLiveDataSize:
0
#mbean = org.apache.cassandra.metrics:type=ColumnFamily,keyspace=keyspace1,scope=counter1,name=LiveSSTableCount:
0
#mbean = org.apache.cassandra.metrics:type=ClientRequest,scope=Write,name=Latency:
218.7880499999999
#mbean = org.apache.cassandra.metrics:type=ColumnFamily,keyspace=keyspace1,scope=counter1,name=AllMemtablesLiveDataSize:
0
#mbean = org.apache.cassandra.metrics:type=ColumnFamily,keyspace=keyspace1,scope=counter1,name=LiveSSTableCount:
0
#mbean = org.apache.cassandra.metrics:type=ClientRequest,scope=Write,name=Latency:
218.7880499999999
#mbean = org.apache.cassandra.metrics:type=ColumnFamily,keyspace=keyspace1,scope=counter1,name=AllMemtablesLiveDataSize:
0
#mbean = org.apache.cassandra.metrics:type=ColumnFamily,keyspace=keyspace1,scope=counter1,name=LiveSSTableCount:
0
#mbean = org.apache.cassandra.metrics:type=ClientRequest,scope=Write,name=Latency:
218.7880499999999
#mbean = org.apache.cassandra.metrics:type=ColumnFamily,keyspace=keyspace1,scope=counter1,name=AllMemtablesLiveDataSize:
0
#mbean = org.apache.cassandra.metrics:type=ColumnFamily,keyspace=keyspace1,scope=counter1,name=LiveSSTableCount:
0
#mbean = org.apache.cassandra.metrics:type=ClientRequest,scope=Write,name=Latency:
214.28864999999982
#mbean = org.apache.cassandra.metrics:type=ColumnFamily,keyspace=keyspace1,scope=counter1,name=AllMemtablesLiveDataSize:
0
#mbean = org.apache.cassandra.metrics:type=ColumnFamily,keyspace=keyspace1,scope=counter1,name=LiveSSTableCount:
0
#mbean = org.apache.cassandra.metrics:type=ClientRequest,scope=Write,name=Latency:
214.28864999999982
#mbean = org.apache.cassandra.metrics:type=ColumnFamily,keyspace=keyspace1,scope=counter1,name=AllMemtablesLiveDataSize:
0
#mbean = org.apache.cassandra.metrics:type=ColumnFamily,keyspace=keyspace1,scope=counter1,name=LiveSSTableCount:
0
#mbean = org.apache.cassandra.metrics:type=ClientRequest,scope=Write,name=Latency:
214.28864999999982
#mbean = org.apache.cassandra.metrics:type=ColumnFamily,keyspace=keyspace1,scope=counter1,name=AllMemtablesLiveDataSize:
0
#mbean = org.apache.cassandra.metrics:type=ColumnFamily,keyspace=keyspace1,scope=counter1,name=LiveSSTableCount:
0
#mbean = org.apache.cassandra.metrics:type=ClientRequest,scope=Write,name=Latency:
214.28864999999982
#mbean = org.apache.cassandra.metrics:type=ColumnFamily,keyspace=keyspace1,scope=counter1,name=AllMemtablesLiveDataSize:
0
#mbean = org.apache.cassandra.metrics:type=ColumnFamily,keyspace=keyspace1,scope=counter1,name=LiveSSTableCount:
0
#mbean = org.apache.cassandra.metrics:type=ClientRequest,scope=Write,name=Latency:
214.28864999999982
#mbean = org.apache.cassandra.metrics:type=ColumnFamily,keyspace=keyspace1,scope=counter1,name=AllMemtablesLiveDataSize:
0
#mbean = org.apache.cassandra.metrics:type=ColumnFamily,keyspace=keyspace1,scope=counter1,name=LiveSSTableCount:
0
#mbean = org.apache.cassandra.metrics:type=ClientRequest,scope=Write,name=Latency:
214.28864999999982
#mbean = org.apache.cassandra.metrics:type=ColumnFamily,keyspace=keyspace1,scope=counter1,name=AllMemtablesLiveDataSize:
0
#mbean = org.apache.cassandra.metrics:type=ColumnFamily,keyspace=keyspace1,scope=counter1,name=LiveSSTableCount:
0
#mbean = org.apache.cassandra.metrics:type=ClientRequest,scope=Write,name=Latency:
214.28864999999982
#mbean = org.apache.cassandra.metrics:type=ColumnFamily,keyspace=keyspace1,scope=counter1,name=AllMemtablesLiveDataSize:
0
#mbean = org.apache.cassandra.metrics:type=ColumnFamily,keyspace=keyspace1,scope=counter1,name=LiveSSTableCount:
0
#mbean = org.apache.cassandra.metrics:type=ClientRequest,scope=Write,name=Latency:
214.28864999999982
#mbean = org.apache.cassandra.metrics:type=ColumnFamily,keyspace=keyspace1,scope=counter1,name=AllMemtablesLiveDataSize:
0
#mbean = org.apache.cassandra.metrics:type=ColumnFamily,keyspace=keyspace1,scope=counter1,name=LiveSSTableCount:
0
#mbean = org.apache.cassandra.metrics:type=ClientRequest,scope=Write,name=Latency:
214.28864999999982
#mbean = org.apache.cassandra.metrics:type=ColumnFamily,keyspace=keyspace1,scope=counter1,name=AllMemtablesLiveDataSize:
0
#mbean = org.apache.cassandra.metrics:type=ColumnFamily,keyspace=keyspace1,scope=counter1,name=LiveSSTableCount:
0
#mbean = org.apache.cassandra.metrics:type=ClientRequest,scope=Write,name=Latency:
214.28864999999982
#mbean = org.apache.cassandra.metrics:type=ColumnFamily,keyspace=keyspace1,scope=counter1,name=AllMemtablesLiveDataSize:
0
#mbean = org.apache.cassandra.metrics:type=ColumnFamily,keyspace=keyspace1,scope=counter1,name=LiveSSTableCount:
0
#mbean = org.apache.cassandra.metrics:type=ClientRequest,scope=Write,name=Latency:
214.28864999999982
#mbean = org.apache.cassandra.metrics:type=ColumnFamily,keyspace=keyspace1,scope=counter1,name=AllMemtablesLiveDataSize:
0
#mbean = org.apache.cassandra.metrics:type=ColumnFamily,keyspace=keyspace1,scope=counter1,name=LiveSSTableCount:
0
#mbean = org.apache.cassandra.metrics:type=ClientRequest,scope=Write,name=Latency:
214.28864999999982
#mbean = org.apache.cassandra.metrics:type=ColumnFamily,keyspace=keyspace1,scope=counter1,name=AllMemtablesLiveDataSize:
0
#mbean = org.apache.cassandra.metrics:type=ColumnFamily,keyspace=keyspace1,scope=counter1,name=LiveSSTableCount:
0
#mbean = org.apache.cassandra.metrics:type=ClientRequest,scope=Write,name=Latency:
208.85119999999998
#mbean = org.apache.cassandra.metrics:type=ColumnFamily,keyspace=keyspace1,scope=counter1,name=AllMemtablesLiveDataSize:
0
#mbean = org.apache.cassandra.metrics:type=ColumnFamily,keyspace=keyspace1,scope=counter1,name=LiveSSTableCount:
0
#mbean = org.apache.cassandra.metrics:type=ClientRequest,scope=Write,name=Latency:
208.85119999999998
#mbean = org.apache.cassandra.metrics:type=ColumnFamily,keyspace=keyspace1,scope=counter1,name=AllMemtablesLiveDataSize:
0
#mbean = org.apache.cassandra.metrics:type=ColumnFamily,keyspace=keyspace1,scope=counter1,name=LiveSSTableCount:
0
#mbean = org.apache.cassandra.metrics:type=ClientRequest,scope=Write,name=Latency:
208.85119999999998
#mbean = org.apache.cassandra.metrics:type=ColumnFamily,keyspace=keyspace1,scope=counter1,name=AllMemtablesLiveDataSize:
0
#mbean = org.apache.cassandra.metrics:type=ColumnFamily,keyspace=keyspace1,scope=counter1,name=LiveSSTableCount:
0
#mbean = org.apache.cassandra.metrics:type=ClientRequest,scope=Write,name=Latency:
208.85119999999998
#mbean = org.apache.cassandra.metrics:type=ColumnFamily,keyspace=keyspace1,scope=counter1,name=AllMemtablesLiveDataSize:
0
#mbean = org.apache.cassandra.metrics:type=ColumnFamily,keyspace=keyspace1,scope=counter1,name=LiveSSTableCount:
0
#mbean = org.apache.cassandra.metrics:type=ClientRequest,scope=Write,name=Latency:
208.25769999999994
#mbean = org.apache.cassandra.metrics:type=ColumnFamily,keyspace=keyspace1,scope=counter1,name=AllMemtablesLiveDataSize:
0
#mbean = org.apache.cassandra.metrics:type=ColumnFamily,keyspace=keyspace1,scope=counter1,name=LiveSSTableCount:
0
#mbean = org.apache.cassandra.metrics:type=ClientRequest,scope=Write,name=Latency:
208.25769999999994
#mbean = org.apache.cassandra.metrics:type=ColumnFamily,keyspace=keyspace1,scope=counter1,name=AllMemtablesLiveDataSize:
0
#mbean = org.apache.cassandra.metrics:type=ColumnFamily,keyspace=keyspace1,scope=counter1,name=LiveSSTableCount:
0
#mbean = org.apache.cassandra.metrics:type=ClientRequest,scope=Write,name=Latency:
208.25769999999994
#mbean = org.apache.cassandra.metrics:type=ColumnFamily,keyspace=keyspace1,scope=counter1,name=AllMemtablesLiveDataSize:
0
#mbean = org.apache.cassandra.metrics:type=ColumnFamily,keyspace=keyspace1,scope=counter1,name=LiveSSTableCount:
0
#mbean = org.apache.cassandra.metrics:type=ClientRequest,scope=Write,name=Latency:
208.25769999999994
#mbean = org.apache.cassandra.metrics:type=ColumnFamily,keyspace=keyspace1,scope=counter1,name=AllMemtablesLiveDataSize:
0
#mbean = org.apache.cassandra.metrics:type=ColumnFamily,keyspace=keyspace1,scope=counter1,name=LiveSSTableCount:
0
#mbean = org.apache.cassandra.metrics:type=ClientRequest,scope=Write,name=Latency:
208.25769999999994
#mbean = org.apache.cassandra.metrics:type=ColumnFamily,keyspace=keyspace1,scope=counter1,name=AllMemtablesLiveDataSize:
0
#mbean = org.apache.cassandra.metrics:type=ColumnFamily,keyspace=keyspace1,scope=counter1,name=LiveSSTableCount:
0
#mbean = org.apache.cassandra.metrics:type=ClientRequest,scope=Write,name=Latency:
208.25769999999994
#mbean = org.apache.cassandra.metrics:type=ColumnFamily,keyspace=keyspace1,scope=counter1,name=AllMemtablesLiveDataSize:
0
#mbean = org.apache.cassandra.metrics:type=ColumnFamily,keyspace=keyspace1,scope=counter1,name=LiveSSTableCount:
0
#mbean = org.apache.cassandra.metrics:type=ClientRequest,scope=Write,name=Latency:
208.25769999999994
#mbean = org.apache.cassandra.metrics:type=ColumnFamily,keyspace=keyspace1,scope=counter1,name=AllMemtablesLiveDataSize:
0
#mbean = org.apache.cassandra.metrics:type=ColumnFamily,keyspace=keyspace1,scope=counter1,name=LiveSSTableCount:
0
#mbean = org.apache.cassandra.metrics:type=ClientRequest,scope=Write,name=Latency:
201.6069999999999
#mbean = org.apache.cassandra.metrics:type=ColumnFamily,keyspace=keyspace1,scope=counter1,name=AllMemtablesLiveDataSize:
0
#mbean = org.apache.cassandra.metrics:type=ColumnFamily,keyspace=keyspace1,scope=counter1,name=LiveSSTableCount:
0
#mbean = org.apache.cassandra.metrics:type=ClientRequest,scope=Write,name=Latency:
201.6069999999999
#mbean = org.apache.cassandra.metrics:type=ColumnFamily,keyspace=keyspace1,scope=counter1,name=AllMemtablesLiveDataSize:
0
#mbean = org.apache.cassandra.metrics:type=ColumnFamily,keyspace=keyspace1,scope=counter1,name=LiveSSTableCount:
0
#mbean = org.apache.cassandra.metrics:type=ClientRequest,scope=Write,name=Latency:
203.49839999999992
#mbean = org.apache.cassandra.metrics:type=ColumnFamily,keyspace=keyspace1,scope=counter1,name=AllMemtablesLiveDataSize:
0
#mbean = org.apache.cassandra.metrics:type=ColumnFamily,keyspace=keyspace1,scope=counter1,name=LiveSSTableCount:
0
#mbean = org.apache.cassandra.metrics:type=ClientRequest,scope=Write,name=Latency:
203.49839999999992
#mbean = org.apache.cassandra.metrics:type=ColumnFamily,keyspace=keyspace1,scope=counter1,name=AllMemtablesLiveDataSize:
0
#mbean = org.apache.cassandra.metrics:type=ColumnFamily,keyspace=keyspace1,scope=counter1,name=LiveSSTableCount:
0
#mbean = org.apache.cassandra.metrics:type=ClientRequest,scope=Write,name=Latency:
203.49839999999992
#mbean = org.apache.cassandra.metrics:type=ColumnFamily,keyspace=keyspace1,scope=counter1,name=AllMemtablesLiveDataSize:
0
#mbean = org.apache.cassandra.metrics:type=ColumnFamily,keyspace=keyspace1,scope=counter1,name=LiveSSTableCount:
0
#mbean = org.apache.cassandra.metrics:type=ClientRequest,scope=Write,name=Latency:
203.49839999999992
#mbean = org.apache.cassandra.metrics:type=ColumnFamily,keyspace=keyspace1,scope=counter1,name=AllMemtablesLiveDataSize:
0
#mbean = org.apache.cassandra.metrics:type=ColumnFamily,keyspace=keyspace1,scope=counter1,name=LiveSSTableCount:
0
#mbean = org.apache.cassandra.metrics:type=ClientRequest,scope=Write,name=Latency:
203.49839999999992
#mbean = org.apache.cassandra.metrics:type=ColumnFamily,keyspace=keyspace1,scope=counter1,name=AllMemtablesLiveDataSize:
0
#mbean = org.apache.cassandra.metrics:type=ColumnFamily,keyspace=keyspace1,scope=counter1,name=LiveSSTableCount:
0
#mbean = org.apache.cassandra.metrics:type=ClientRequest,scope=Write,name=Latency:
203.49839999999992
#mbean = org.apache.cassandra.metrics:type=ColumnFamily,keyspace=keyspace1,scope=counter1,name=AllMemtablesLiveDataSize:
0
#mbean = org.apache.cassandra.metrics:type=ColumnFamily,keyspace=keyspace1,scope=counter1,name=LiveSSTableCount:
0
#mbean = org.apache.cassandra.metrics:type=ClientRequest,scope=Write,name=Latency:
203.49839999999992
#mbean = org.apache.cassandra.metrics:type=ColumnFamily,keyspace=keyspace1,scope=counter1,name=AllMemtablesLiveDataSize:
0
#mbean = org.apache.cassandra.metrics:type=ColumnFamily,keyspace=keyspace1,scope=counter1,name=LiveSSTableCount:
0
#mbean = org.apache.cassandra.metrics:type=ClientRequest,scope=Write,name=Latency:
203.49839999999992
#mbean = org.apache.cassandra.metrics:type=ColumnFamily,keyspace=keyspace1,scope=counter1,name=AllMemtablesLiveDataSize:
0
#mbean = org.apache.cassandra.metrics:type=ColumnFamily,keyspace=keyspace1,scope=counter1,name=LiveSSTableCount:
0
#mbean = org.apache.cassandra.metrics:type=ClientRequest,scope=Write,name=Latency:
201.6069999999999
#mbean = org.apache.cassandra.metrics:type=ColumnFamily,keyspace=keyspace1,scope=counter1,name=AllMemtablesLiveDataSize:
0
#mbean = org.apache.cassandra.metrics:type=ColumnFamily,keyspace=keyspace1,scope=counter1,name=LiveSSTableCount:
0
#mbean = org.apache.cassandra.metrics:type=ClientRequest,scope=Write,name=Latency:
201.6069999999999
#mbean = org.apache.cassandra.metrics:type=ColumnFamily,keyspace=keyspace1,scope=counter1,name=AllMemtablesLiveDataSize:
0
#mbean = org.apache.cassandra.metrics:type=ColumnFamily,keyspace=keyspace1,scope=counter1,name=LiveSSTableCount:
0
#mbean = org.apache.cassandra.metrics:type=ClientRequest,scope=Write,name=Latency:
198.28419999999994
#mbean = org.apache.cassandra.metrics:type=ColumnFamily,keyspace=keyspace1,scope=counter1,name=AllMemtablesLiveDataSize:
0
#mbean = org.apache.cassandra.metrics:type=ColumnFamily,keyspace=keyspace1,scope=counter1,name=LiveSSTableCount:
0
#mbean = org.apache.cassandra.metrics:type=ClientRequest,scope=Write,name=Latency:
198.28419999999994
#mbean = org.apache.cassandra.metrics:type=ColumnFamily,keyspace=keyspace1,scope=counter1,name=AllMemtablesLiveDataSize:
0
#mbean = org.apache.cassandra.metrics:type=ColumnFamily,keyspace=keyspace1,scope=counter1,name=LiveSSTableCount:
0
#mbean = org.apache.cassandra.metrics:type=ClientRequest,scope=Write,name=Latency:
198.28419999999994
#mbean = org.apache.cassandra.metrics:type=ColumnFamily,keyspace=keyspace1,scope=counter1,name=AllMemtablesLiveDataSize:
0
#mbean = org.apache.cassandra.metrics:type=ColumnFamily,keyspace=keyspace1,scope=counter1,name=LiveSSTableCount:
0
#mbean = org.apache.cassandra.metrics:type=ClientRequest,scope=Write,name=Latency:
195.89829999999984
#mbean = org.apache.cassandra.metrics:type=ColumnFamily,keyspace=keyspace1,scope=counter1,name=AllMemtablesLiveDataSize:
0
#mbean = org.apache.cassandra.metrics:type=ColumnFamily,keyspace=keyspace1,scope=counter1,name=LiveSSTableCount:
0
#mbean = org.apache.cassandra.metrics:type=ClientRequest,scope=Write,name=Latency:
195.89829999999984
#mbean = org.apache.cassandra.metrics:type=ColumnFamily,keyspace=keyspace1,scope=counter1,name=AllMemtablesLiveDataSize:
0
#mbean = org.apache.cassandra.metrics:type=ColumnFamily,keyspace=keyspace1,scope=counter1,name=LiveSSTableCount:
0
#mbean = org.apache.cassandra.metrics:type=ClientRequest,scope=Write,name=Latency:
195.89829999999984
#mbean = org.apache.cassandra.metrics:type=ColumnFamily,keyspace=keyspace1,scope=counter1,name=AllMemtablesLiveDataSize:
0
#mbean = org.apache.cassandra.metrics:type=ColumnFamily,keyspace=keyspace1,scope=counter1,name=LiveSSTableCount:
0
#mbean = org.apache.cassandra.metrics:type=ClientRequest,scope=Write,name=Latency:
195.89829999999984
#mbean = org.apache.cassandra.metrics:type=ColumnFamily,keyspace=keyspace1,scope=counter1,name=AllMemtablesLiveDataSize:
0
#mbean = org.apache.cassandra.metrics:type=ColumnFamily,keyspace=keyspace1,scope=counter1,name=LiveSSTableCount:
0
#mbean = org.apache.cassandra.metrics:type=ClientRequest,scope=Write,name=Latency:
195.89829999999984
#mbean = org.apache.cassandra.metrics:type=ColumnFamily,keyspace=keyspace1,scope=counter1,name=AllMemtablesLiveDataSize:
0
#mbean = org.apache.cassandra.metrics:type=ColumnFamily,keyspace=keyspace1,scope=counter1,name=LiveSSTableCount:
0
#mbean = org.apache.cassandra.metrics:type=ClientRequest,scope=Write,name=Latency:
195.89829999999984
#mbean = org.apache.cassandra.metrics:type=ColumnFamily,keyspace=keyspace1,scope=counter1,name=AllMemtablesLiveDataSize:
0
#mbean = org.apache.cassandra.metrics:type=ColumnFamily,keyspace=keyspace1,scope=counter1,name=LiveSSTableCount:
0
#mbean = org.apache.cassandra.metrics:type=ClientRequest,scope=Write,name=Latency:
195.89829999999984
#mbean = org.apache.cassandra.metrics:type=ColumnFamily,keyspace=keyspace1,scope=counter1,name=AllMemtablesLiveDataSize:
0
#mbean = org.apache.cassandra.metrics:type=ColumnFamily,keyspace=keyspace1,scope=counter1,name=LiveSSTableCount:
0
#mbean = org.apache.cassandra.metrics:type=ClientRequest,scope=Write,name=Latency:
195.89829999999984
#mbean = org.apache.cassandra.metrics:type=ColumnFamily,keyspace=keyspace1,scope=counter1,name=AllMemtablesLiveDataSize:
0
#mbean = org.apache.cassandra.metrics:type=ColumnFamily,keyspace=keyspace1,scope=counter1,name=LiveSSTableCount:
0
#mbean = org.apache.cassandra.metrics:type=ClientRequest,scope=Write,name=Latency:
195.89829999999984
#mbean = org.apache.cassandra.metrics:type=ColumnFamily,keyspace=keyspace1,scope=counter1,name=AllMemtablesLiveDataSize:
0
#mbean = org.apache.cassandra.metrics:type=ColumnFamily,keyspace=keyspace1,scope=counter1,name=LiveSSTableCount:
0
#mbean = org.apache.cassandra.metrics:type=ClientRequest,scope=Write,name=Latency:
203.49839999999992
#mbean = org.apache.cassandra.metrics:type=ColumnFamily,keyspace=keyspace1,scope=counter1,name=AllMemtablesLiveDataSize:
0
#mbean = org.apache.cassandra.metrics:type=ColumnFamily,keyspace=keyspace1,scope=counter1,name=LiveSSTableCount:
0
#mbean = org.apache.cassandra.metrics:type=ClientRequest,scope=Write,name=Latency:
203.49839999999992
#mbean = org.apache.cassandra.metrics:type=ColumnFamily,keyspace=keyspace1,scope=counter1,name=AllMemtablesLiveDataSize:
0
#mbean = org.apache.cassandra.metrics:type=ColumnFamily,keyspace=keyspace1,scope=counter1,name=LiveSSTableCount:
0
#mbean = org.apache.cassandra.metrics:type=ClientRequest,scope=Write,name=Latency:
201.6069999999999
#mbean = org.apache.cassandra.metrics:type=ColumnFamily,keyspace=keyspace1,scope=counter1,name=AllMemtablesLiveDataSize:
0
#mbean = org.apache.cassandra.metrics:type=ColumnFamily,keyspace=keyspace1,scope=counter1,name=LiveSSTableCount:
0
#mbean = org.apache.cassandra.metrics:type=ClientRequest,scope=Write,name=Latency:
201.6069999999999
#mbean = org.apache.cassandra.metrics:type=ColumnFamily,keyspace=keyspace1,scope=counter1,name=AllMemtablesLiveDataSize:
0
#mbean = org.apache.cassandra.metrics:type=ColumnFamily,keyspace=keyspace1,scope=counter1,name=LiveSSTableCount:
0
#mbean = org.apache.cassandra.metrics:type=ClientRequest,scope=Write,name=Latency:
201.6069999999999
#mbean = org.apache.cassandra.metrics:type=ColumnFamily,keyspace=keyspace1,scope=counter1,name=AllMemtablesLiveDataSize:
0
#mbean = org.apache.cassandra.metrics:type=ColumnFamily,keyspace=keyspace1,scope=counter1,name=LiveSSTableCount:
0
#mbean = org.apache.cassandra.metrics:type=ClientRequest,scope=Write,name=Latency:
201.6069999999999
#mbean = org.apache.cassandra.metrics:type=ColumnFamily,keyspace=keyspace1,scope=counter1,name=AllMemtablesLiveDataSize:
0
#mbean = org.apache.cassandra.metrics:type=ColumnFamily,keyspace=keyspace1,scope=counter1,name=LiveSSTableCount:
0
#mbean = org.apache.cassandra.metrics:type=ClientRequest,scope=Write,name=Latency:
201.6069999999999
#mbean = org.apache.cassandra.metrics:type=ColumnFamily,keyspace=keyspace1,scope=counter1,name=AllMemtablesLiveDataSize:
0
#mbean = org.apache.cassandra.metrics:type=ColumnFamily,keyspace=keyspace1,scope=counter1,name=LiveSSTableCount:
0
#mbean = org.apache.cassandra.metrics:type=ClientRequest,scope=Write,name=Latency:
201.6069999999999
#mbean = org.apache.cassandra.metrics:type=ColumnFamily,keyspace=keyspace1,scope=counter1,name=AllMemtablesLiveDataSize:
0
#mbean = org.apache.cassandra.metrics:type=ColumnFamily,keyspace=keyspace1,scope=counter1,name=LiveSSTableCount:
0
#mbean = org.apache.cassandra.metrics:type=ClientRequest,scope=Write,name=Latency:
201.6069999999999
#mbean = org.apache.cassandra.metrics:type=ColumnFamily,keyspace=keyspace1,scope=counter1,name=AllMemtablesLiveDataSize:
0
#mbean = org.apache.cassandra.metrics:type=ColumnFamily,keyspace=keyspace1,scope=counter1,name=LiveSSTableCount:
0
#mbean = org.apache.cassandra.metrics:type=ClientRequest,scope=Write,name=Latency:
201.6069999999999
#mbean = org.apache.cassandra.metrics:type=ColumnFamily,keyspace=keyspace1,scope=counter1,name=AllMemtablesLiveDataSize:
0
#mbean = org.apache.cassandra.metrics:type=ColumnFamily,keyspace=keyspace1,scope=counter1,name=LiveSSTableCount:
0
#mbean = org.apache.cassandra.metrics:type=ClientRequest,scope=Write,name=Latency:
201.6069999999999
#mbean = org.apache.cassandra.metrics:type=ColumnFamily,keyspace=keyspace1,scope=counter1,name=AllMemtablesLiveDataSize:
0
#mbean = org.apache.cassandra.metrics:type=ColumnFamily,keyspace=keyspace1,scope=counter1,name=LiveSSTableCount:
0
#mbean = org.apache.cassandra.metrics:type=ClientRequest,scope=Write,name=Latency:
185.80789999999985
#mbean = org.apache.cassandra.metrics:type=ColumnFamily,keyspace=keyspace1,scope=counter1,name=AllMemtablesLiveDataSize:
0
#mbean = org.apache.cassandra.metrics:type=ColumnFamily,keyspace=keyspace1,scope=counter1,name=LiveSSTableCount:
0
#mbean = org.apache.cassandra.metrics:type=ClientRequest,scope=Write,name=Latency:
185.80789999999985
#mbean = org.apache.cassandra.metrics:type=ColumnFamily,keyspace=keyspace1,scope=counter1,name=AllMemtablesLiveDataSize:
0
#mbean = org.apache.cassandra.metrics:type=ColumnFamily,keyspace=keyspace1,scope=counter1,name=LiveSSTableCount:
0
#mbean = org.apache.cassandra.metrics:type=ClientRequest,scope=Write,name=Latency:
185.80789999999985
#mbean = org.apache.cassandra.metrics:type=ColumnFamily,keyspace=keyspace1,scope=counter1,name=AllMemtablesLiveDataSize:
0
#mbean = org.apache.cassandra.metrics:type=ColumnFamily,keyspace=keyspace1,scope=counter1,name=LiveSSTableCount:
0
#mbean = org.apache.cassandra.metrics:type=ClientRequest,scope=Write,name=Latency:
185.80789999999985
#mbean = org.apache.cassandra.metrics:type=ColumnFamily,keyspace=keyspace1,scope=counter1,name=AllMemtablesLiveDataSize:
0
#mbean = org.apache.cassandra.metrics:type=ColumnFamily,keyspace=keyspace1,scope=counter1,name=LiveSSTableCount:
0
#mbean = org.apache.cassandra.metrics:type=ClientRequest,scope=Write,name=Latency:
185.80789999999985
#mbean = org.apache.cassandra.metrics:type=ColumnFamily,keyspace=keyspace1,scope=counter1,name=AllMemtablesLiveDataSize:
0
#mbean = org.apache.cassandra.metrics:type=ColumnFamily,keyspace=keyspace1,scope=counter1,name=LiveSSTableCount:
0
#mbean = org.apache.cassandra.metrics:type=ClientRequest,scope=Write,name=Latency:
185.80789999999985
#mbean = org.apache.cassandra.metrics:type=ColumnFamily,keyspace=keyspace1,scope=counter1,name=AllMemtablesLiveDataSize:
0
#mbean = org.apache.cassandra.metrics:type=ColumnFamily,keyspace=keyspace1,scope=counter1,name=LiveSSTableCount:
0
#mbean = org.apache.cassandra.metrics:type=ClientRequest,scope=Write,name=Latency:
185.80789999999985
#mbean = org.apache.cassandra.metrics:type=ColumnFamily,keyspace=keyspace1,scope=counter1,name=AllMemtablesLiveDataSize:
0
#bye
