Welcome to JMX terminal. Type "help" for available commands.
#Connection to 127.0.0.1:7199 is opened
#mbean = org.apache.cassandra.metrics:type=ColumnFamily,keyspace=keyspace1,scope=standard1,name=AllMemtablesLiveDataSize:
2439144
#mbean = org.apache.cassandra.metrics:type=ClientRequest,scope=Write,name=Latency:
18302.315299999995
#mbean = org.apache.cassandra.metrics:type=ColumnFamily,keyspace=keyspace1,scope=standard1,name=LiveSSTableCount:
0
#mbean = org.apache.cassandra.metrics:type=ColumnFamily,keyspace=keyspace1,scope=standard1,name=AllMemtablesLiveDataSize:
2567508
#mbean = org.apache.cassandra.metrics:type=ClientRequest,scope=Write,name=Latency:
18541.287199999988
#mbean = org.apache.cassandra.metrics:type=ColumnFamily,keyspace=keyspace1,scope=standard1,name=LiveSSTableCount:
0
#mbean = org.apache.cassandra.metrics:type=ColumnFamily,keyspace=keyspace1,scope=standard1,name=AllMemtablesLiveDataSize:
2642976
#mbean = org.apache.cassandra.metrics:type=ClientRequest,scope=Write,name=Latency:
18541.287199999988
#mbean = org.apache.cassandra.metrics:type=ColumnFamily,keyspace=keyspace1,scope=standard1,name=LiveSSTableCount:
0
#mbean = org.apache.cassandra.metrics:type=ColumnFamily,keyspace=keyspace1,scope=standard1,name=AllMemtablesLiveDataSize:
2718216
#mbean = org.apache.cassandra.metrics:type=ClientRequest,scope=Write,name=Latency:
18541.287199999988
#mbean = org.apache.cassandra.metrics:type=ColumnFamily,keyspace=keyspace1,scope=standard1,name=LiveSSTableCount:
0
#mbean = org.apache.cassandra.metrics:type=ColumnFamily,keyspace=keyspace1,scope=standard1,name=AllMemtablesLiveDataSize:
2793228
#mbean = org.apache.cassandra.metrics:type=ClientRequest,scope=Write,name=Latency:
18541.287199999988
#mbean = org.apache.cassandra.metrics:type=ColumnFamily,keyspace=keyspace1,scope=standard1,name=LiveSSTableCount:
0
#mbean = org.apache.cassandra.metrics:type=ColumnFamily,keyspace=keyspace1,scope=standard1,name=AllMemtablesLiveDataSize:
2853648
#mbean = org.apache.cassandra.metrics:type=ClientRequest,scope=Write,name=Latency:
17753.82829999999
#mbean = org.apache.cassandra.metrics:type=ColumnFamily,keyspace=keyspace1,scope=standard1,name=LiveSSTableCount:
0
#mbean = org.apache.cassandra.metrics:type=ColumnFamily,keyspace=keyspace1,scope=standard1,name=AllMemtablesLiveDataSize:
2945760
#mbean = org.apache.cassandra.metrics:type=ClientRequest,scope=Write,name=Latency:
17624.265799999997
#mbean = org.apache.cassandra.metrics:type=ColumnFamily,keyspace=keyspace1,scope=standard1,name=LiveSSTableCount:
0
#mbean = org.apache.cassandra.metrics:type=ColumnFamily,keyspace=keyspace1,scope=standard1,name=AllMemtablesLiveDataSize:
3003900
#mbean = org.apache.cassandra.metrics:type=ClientRequest,scope=Write,name=Latency:
17377.6575
#mbean = org.apache.cassandra.metrics:type=ColumnFamily,keyspace=keyspace1,scope=standard1,name=LiveSSTableCount:
0
#mbean = org.apache.cassandra.metrics:type=ColumnFamily,keyspace=keyspace1,scope=standard1,name=AllMemtablesLiveDataSize:
3083016
#mbean = org.apache.cassandra.metrics:type=ClientRequest,scope=Write,name=Latency:
16840.356699999968
#mbean = org.apache.cassandra.metrics:type=ColumnFamily,keyspace=keyspace1,scope=standard1,name=LiveSSTableCount:
0
#mbean = org.apache.cassandra.metrics:type=ColumnFamily,keyspace=keyspace1,scope=standard1,name=AllMemtablesLiveDataSize:
3145716
#mbean = org.apache.cassandra.metrics:type=ClientRequest,scope=Write,name=Latency:
16275.530349999994
#mbean = org.apache.cassandra.metrics:type=ColumnFamily,keyspace=keyspace1,scope=standard1,name=LiveSSTableCount:
0
#mbean = org.apache.cassandra.metrics:type=ColumnFamily,keyspace=keyspace1,scope=standard1,name=AllMemtablesLiveDataSize:
3233496
#mbean = org.apache.cassandra.metrics:type=ClientRequest,scope=Write,name=Latency:
16260.35064999999
#mbean = org.apache.cassandra.metrics:type=ColumnFamily,keyspace=keyspace1,scope=standard1,name=LiveSSTableCount:
0
#mbean = org.apache.cassandra.metrics:type=ColumnFamily,keyspace=keyspace1,scope=standard1,name=AllMemtablesLiveDataSize:
3295512
#mbean = org.apache.cassandra.metrics:type=ClientRequest,scope=Write,name=Latency:
16400.825599999996
#mbean = org.apache.cassandra.metrics:type=ColumnFamily,keyspace=keyspace1,scope=standard1,name=LiveSSTableCount:
0
#mbean = org.apache.cassandra.metrics:type=ColumnFamily,keyspace=keyspace1,scope=standard1,name=AllMemtablesLiveDataSize:
3364824
#mbean = org.apache.cassandra.metrics:type=ClientRequest,scope=Write,name=Latency:
16252.60779999999
#mbean = org.apache.cassandra.metrics:type=ColumnFamily,keyspace=keyspace1,scope=standard1,name=LiveSSTableCount:
0
#mbean = org.apache.cassandra.metrics:type=ColumnFamily,keyspace=keyspace1,scope=standard1,name=AllMemtablesLiveDataSize:
3441660
#mbean = org.apache.cassandra.metrics:type=ClientRequest,scope=Write,name=Latency:
16076.360599999993
#mbean = org.apache.cassandra.metrics:type=ColumnFamily,keyspace=keyspace1,scope=standard1,name=LiveSSTableCount:
0
#mbean = org.apache.cassandra.metrics:type=ColumnFamily,keyspace=keyspace1,scope=standard1,name=AllMemtablesLiveDataSize:
3525108
#mbean = org.apache.cassandra.metrics:type=ClientRequest,scope=Write,name=Latency:
16252.60779999999
#mbean = org.apache.cassandra.metrics:type=ColumnFamily,keyspace=keyspace1,scope=standard1,name=LiveSSTableCount:
0
#mbean = org.apache.cassandra.metrics:type=ColumnFamily,keyspace=keyspace1,scope=standard1,name=AllMemtablesLiveDataSize:
3578460
#mbean = org.apache.cassandra.metrics:type=ClientRequest,scope=Write,name=Latency:
16076.360599999993
#mbean = org.apache.cassandra.metrics:type=ColumnFamily,keyspace=keyspace1,scope=standard1,name=LiveSSTableCount:
0
#mbean = org.apache.cassandra.metrics:type=ColumnFamily,keyspace=keyspace1,scope=standard1,name=AllMemtablesLiveDataSize:
3611064
#mbean = org.apache.cassandra.metrics:type=ClientRequest,scope=Write,name=Latency:
16076.360599999993
#mbean = org.apache.cassandra.metrics:type=ColumnFamily,keyspace=keyspace1,scope=standard1,name=LiveSSTableCount:
0
#mbean = org.apache.cassandra.metrics:type=ColumnFamily,keyspace=keyspace1,scope=standard1,name=AllMemtablesLiveDataSize:
3677640
#mbean = org.apache.cassandra.metrics:type=ClientRequest,scope=Write,name=Latency:
16762.381849999965
#mbean = org.apache.cassandra.metrics:type=ColumnFamily,keyspace=keyspace1,scope=standard1,name=LiveSSTableCount:
0
#mbean = org.apache.cassandra.metrics:type=ColumnFamily,keyspace=keyspace1,scope=standard1,name=AllMemtablesLiveDataSize:
3731676
#mbean = org.apache.cassandra.metrics:type=ClientRequest,scope=Write,name=Latency:
16762.381849999965
#mbean = org.apache.cassandra.metrics:type=ColumnFamily,keyspace=keyspace1,scope=standard1,name=LiveSSTableCount:
0
#mbean = org.apache.cassandra.metrics:type=ColumnFamily,keyspace=keyspace1,scope=standard1,name=AllMemtablesLiveDataSize:
3812160
#mbean = org.apache.cassandra.metrics:type=ClientRequest,scope=Write,name=Latency:
16252.60779999999
#mbean = org.apache.cassandra.metrics:type=ColumnFamily,keyspace=keyspace1,scope=standard1,name=LiveSSTableCount:
0
#mbean = org.apache.cassandra.metrics:type=ColumnFamily,keyspace=keyspace1,scope=standard1,name=AllMemtablesLiveDataSize:
3870984
#mbean = org.apache.cassandra.metrics:type=ClientRequest,scope=Write,name=Latency:
16762.381849999965
#mbean = org.apache.cassandra.metrics:type=ColumnFamily,keyspace=keyspace1,scope=standard1,name=LiveSSTableCount:
0
#mbean = org.apache.cassandra.metrics:type=ColumnFamily,keyspace=keyspace1,scope=standard1,name=AllMemtablesLiveDataSize:
3944856
#mbean = org.apache.cassandra.metrics:type=ClientRequest,scope=Write,name=Latency:
17373.59119999998
#mbean = org.apache.cassandra.metrics:type=ColumnFamily,keyspace=keyspace1,scope=standard1,name=LiveSSTableCount:
0
#mbean = org.apache.cassandra.metrics:type=ColumnFamily,keyspace=keyspace1,scope=standard1,name=AllMemtablesLiveDataSize:
3999804
#mbean = org.apache.cassandra.metrics:type=ClientRequest,scope=Write,name=Latency:
16762.381849999965
#mbean = org.apache.cassandra.metrics:type=ColumnFamily,keyspace=keyspace1,scope=standard1,name=LiveSSTableCount:
0
#mbean = org.apache.cassandra.metrics:type=ColumnFamily,keyspace=keyspace1,scope=standard1,name=AllMemtablesLiveDataSize:
4047000
#mbean = org.apache.cassandra.metrics:type=ClientRequest,scope=Write,name=Latency:
15310.926149999996
#mbean = org.apache.cassandra.metrics:type=ColumnFamily,keyspace=keyspace1,scope=standard1,name=LiveSSTableCount:
0
#mbean = org.apache.cassandra.metrics:type=ColumnFamily,keyspace=keyspace1,scope=standard1,name=AllMemtablesLiveDataSize:
5786868
#mbean = org.apache.cassandra.metrics:type=ClientRequest,scope=Write,name=Latency:
15866.771899999996
#mbean = org.apache.cassandra.metrics:type=ColumnFamily,keyspace=keyspace1,scope=standard1,name=LiveSSTableCount:
0
#mbean = org.apache.cassandra.metrics:type=ColumnFamily,keyspace=keyspace1,scope=standard1,name=AllMemtablesLiveDataSize:
5830644
#mbean = org.apache.cassandra.metrics:type=ClientRequest,scope=Write,name=Latency:
15866.771899999996
#mbean = org.apache.cassandra.metrics:type=ColumnFamily,keyspace=keyspace1,scope=standard1,name=LiveSSTableCount:
0
#mbean = org.apache.cassandra.metrics:type=ColumnFamily,keyspace=keyspace1,scope=standard1,name=AllMemtablesLiveDataSize:
5923668
#mbean = org.apache.cassandra.metrics:type=ClientRequest,scope=Write,name=Latency:
15612.208549999978
#mbean = org.apache.cassandra.metrics:type=ColumnFamily,keyspace=keyspace1,scope=standard1,name=LiveSSTableCount:
0
#mbean = org.apache.cassandra.metrics:type=ColumnFamily,keyspace=keyspace1,scope=standard1,name=AllMemtablesLiveDataSize:
5968128
#mbean = org.apache.cassandra.metrics:type=ClientRequest,scope=Write,name=Latency:
15866.771899999996
#mbean = org.apache.cassandra.metrics:type=ColumnFamily,keyspace=keyspace1,scope=standard1,name=LiveSSTableCount:
0
#mbean = org.apache.cassandra.metrics:type=ColumnFamily,keyspace=keyspace1,scope=standard1,name=AllMemtablesLiveDataSize:
6049296
#mbean = org.apache.cassandra.metrics:type=ClientRequest,scope=Write,name=Latency:
15983.787449999993
#mbean = org.apache.cassandra.metrics:type=ColumnFamily,keyspace=keyspace1,scope=standard1,name=LiveSSTableCount:
0
#mbean = org.apache.cassandra.metrics:type=ColumnFamily,keyspace=keyspace1,scope=standard1,name=AllMemtablesLiveDataSize:
6161928
#mbean = org.apache.cassandra.metrics:type=ClientRequest,scope=Write,name=Latency:
16212.449799999986
#mbean = org.apache.cassandra.metrics:type=ColumnFamily,keyspace=keyspace1,scope=standard1,name=LiveSSTableCount:
0
#mbean = org.apache.cassandra.metrics:type=ColumnFamily,keyspace=keyspace1,scope=standard1,name=AllMemtablesLiveDataSize:
6245604
#mbean = org.apache.cassandra.metrics:type=ClientRequest,scope=Write,name=Latency:
16212.449799999986
#mbean = org.apache.cassandra.metrics:type=ColumnFamily,keyspace=keyspace1,scope=standard1,name=LiveSSTableCount:
0
#mbean = org.apache.cassandra.metrics:type=ColumnFamily,keyspace=keyspace1,scope=standard1,name=AllMemtablesLiveDataSize:
6312636
#mbean = org.apache.cassandra.metrics:type=ClientRequest,scope=Write,name=Latency:
16212.449799999986
#mbean = org.apache.cassandra.metrics:type=ColumnFamily,keyspace=keyspace1,scope=standard1,name=LiveSSTableCount:
0
#mbean = org.apache.cassandra.metrics:type=ColumnFamily,keyspace=keyspace1,scope=standard1,name=AllMemtablesLiveDataSize:
6375336
#mbean = org.apache.cassandra.metrics:type=ClientRequest,scope=Write,name=Latency:
16212.449799999986
#mbean = org.apache.cassandra.metrics:type=ColumnFamily,keyspace=keyspace1,scope=standard1,name=LiveSSTableCount:
0
#mbean = org.apache.cassandra.metrics:type=ColumnFamily,keyspace=keyspace1,scope=standard1,name=AllMemtablesLiveDataSize:
6488424
#mbean = org.apache.cassandra.metrics:type=ClientRequest,scope=Write,name=Latency:
16212.449799999986
#mbean = org.apache.cassandra.metrics:type=ColumnFamily,keyspace=keyspace1,scope=standard1,name=LiveSSTableCount:
0
#mbean = org.apache.cassandra.metrics:type=ColumnFamily,keyspace=keyspace1,scope=standard1,name=AllMemtablesLiveDataSize:
6576204
#mbean = org.apache.cassandra.metrics:type=ClientRequest,scope=Write,name=Latency:
16212.449799999986
#mbean = org.apache.cassandra.metrics:type=ColumnFamily,keyspace=keyspace1,scope=standard1,name=LiveSSTableCount:
0
#mbean = org.apache.cassandra.metrics:type=ColumnFamily,keyspace=keyspace1,scope=standard1,name=AllMemtablesLiveDataSize:
9930768
#mbean = org.apache.cassandra.metrics:type=ClientRequest,scope=Write,name=Latency:
13941.220249999998
#mbean = org.apache.cassandra.metrics:type=ColumnFamily,keyspace=keyspace1,scope=standard1,name=LiveSSTableCount:
0
#mbean = org.apache.cassandra.metrics:type=ColumnFamily,keyspace=keyspace1,scope=standard1,name=AllMemtablesLiveDataSize:
10010112
#mbean = org.apache.cassandra.metrics:type=ClientRequest,scope=Write,name=Latency:
13848.164899999994
#mbean = org.apache.cassandra.metrics:type=ColumnFamily,keyspace=keyspace1,scope=standard1,name=LiveSSTableCount:
0
#mbean = org.apache.cassandra.metrics:type=ColumnFamily,keyspace=keyspace1,scope=standard1,name=AllMemtablesLiveDataSize:
10112484
#mbean = org.apache.cassandra.metrics:type=ClientRequest,scope=Write,name=Latency:
13422.855299999977
#mbean = org.apache.cassandra.metrics:type=ColumnFamily,keyspace=keyspace1,scope=standard1,name=LiveSSTableCount:
0
#mbean = org.apache.cassandra.metrics:type=ColumnFamily,keyspace=keyspace1,scope=standard1,name=AllMemtablesLiveDataSize:
10199808
#mbean = org.apache.cassandra.metrics:type=ClientRequest,scope=Write,name=Latency:
12919.46084999999
#mbean = org.apache.cassandra.metrics:type=ColumnFamily,keyspace=keyspace1,scope=standard1,name=LiveSSTableCount:
0
#mbean = org.apache.cassandra.metrics:type=ColumnFamily,keyspace=keyspace1,scope=standard1,name=AllMemtablesLiveDataSize:
10322016
#mbean = org.apache.cassandra.metrics:type=ClientRequest,scope=Write,name=Latency:
12919.46084999999
#mbean = org.apache.cassandra.metrics:type=ColumnFamily,keyspace=keyspace1,scope=standard1,name=LiveSSTableCount:
0
#mbean = org.apache.cassandra.metrics:type=ColumnFamily,keyspace=keyspace1,scope=standard1,name=AllMemtablesLiveDataSize:
10366932
#mbean = org.apache.cassandra.metrics:type=ClientRequest,scope=Write,name=Latency:
12755.521049999996
#mbean = org.apache.cassandra.metrics:type=ColumnFamily,keyspace=keyspace1,scope=standard1,name=LiveSSTableCount:
0
#mbean = org.apache.cassandra.metrics:type=ColumnFamily,keyspace=keyspace1,scope=standard1,name=AllMemtablesLiveDataSize:
10525392
#mbean = org.apache.cassandra.metrics:type=ClientRequest,scope=Write,name=Latency:
12671.791699999998
#mbean = org.apache.cassandra.metrics:type=ColumnFamily,keyspace=keyspace1,scope=standard1,name=LiveSSTableCount:
0
#mbean = org.apache.cassandra.metrics:type=ColumnFamily,keyspace=keyspace1,scope=standard1,name=AllMemtablesLiveDataSize:
10621608
#mbean = org.apache.cassandra.metrics:type=ClientRequest,scope=Write,name=Latency:
12671.791699999998
#mbean = org.apache.cassandra.metrics:type=ColumnFamily,keyspace=keyspace1,scope=standard1,name=LiveSSTableCount:
0
#mbean = org.apache.cassandra.metrics:type=ColumnFamily,keyspace=keyspace1,scope=standard1,name=AllMemtablesLiveDataSize:
10726944
#mbean = org.apache.cassandra.metrics:type=ClientRequest,scope=Write,name=Latency:
12671.791699999998
#mbean = org.apache.cassandra.metrics:type=ColumnFamily,keyspace=keyspace1,scope=standard1,name=LiveSSTableCount:
0
#mbean = org.apache.cassandra.metrics:type=ColumnFamily,keyspace=keyspace1,scope=standard1,name=AllMemtablesLiveDataSize:
10842312
#mbean = org.apache.cassandra.metrics:type=ClientRequest,scope=Write,name=Latency:
12671.791699999998
#mbean = org.apache.cassandra.metrics:type=ColumnFamily,keyspace=keyspace1,scope=standard1,name=LiveSSTableCount:
0
#mbean = org.apache.cassandra.metrics:type=ColumnFamily,keyspace=keyspace1,scope=standard1,name=AllMemtablesLiveDataSize:
10936020
#mbean = org.apache.cassandra.metrics:type=ClientRequest,scope=Write,name=Latency:
12506.679899999986
#mbean = org.apache.cassandra.metrics:type=ColumnFamily,keyspace=keyspace1,scope=standard1,name=LiveSSTableCount:
0
#mbean = org.apache.cassandra.metrics:type=ColumnFamily,keyspace=keyspace1,scope=standard1,name=AllMemtablesLiveDataSize:
11083308
#mbean = org.apache.cassandra.metrics:type=ClientRequest,scope=Write,name=Latency:
12299.2965
#mbean = org.apache.cassandra.metrics:type=ColumnFamily,keyspace=keyspace1,scope=standard1,name=LiveSSTableCount:
0
#mbean = org.apache.cassandra.metrics:type=ColumnFamily,keyspace=keyspace1,scope=standard1,name=AllMemtablesLiveDataSize:
16857180
#mbean = org.apache.cassandra.metrics:type=ClientRequest,scope=Write,name=Latency:
9596.812649999989
#mbean = org.apache.cassandra.metrics:type=ColumnFamily,keyspace=keyspace1,scope=standard1,name=LiveSSTableCount:
0
#mbean = org.apache.cassandra.metrics:type=ColumnFamily,keyspace=keyspace1,scope=standard1,name=AllMemtablesLiveDataSize:
16938576
#mbean = org.apache.cassandra.metrics:type=ClientRequest,scope=Write,name=Latency:
9418.159549999995
#mbean = org.apache.cassandra.metrics:type=ColumnFamily,keyspace=keyspace1,scope=standard1,name=LiveSSTableCount:
0
#mbean = org.apache.cassandra.metrics:type=ColumnFamily,keyspace=keyspace1,scope=standard1,name=AllMemtablesLiveDataSize:
17139900
#mbean = org.apache.cassandra.metrics:type=ClientRequest,scope=Write,name=Latency:
9418.159549999995
#mbean = org.apache.cassandra.metrics:type=ColumnFamily,keyspace=keyspace1,scope=standard1,name=LiveSSTableCount:
0
#mbean = org.apache.cassandra.metrics:type=ColumnFamily,keyspace=keyspace1,scope=standard1,name=AllMemtablesLiveDataSize:
17206020
#mbean = org.apache.cassandra.metrics:type=ClientRequest,scope=Write,name=Latency:
9418.159549999995
#mbean = org.apache.cassandra.metrics:type=ColumnFamily,keyspace=keyspace1,scope=standard1,name=LiveSSTableCount:
0
#mbean = org.apache.cassandra.metrics:type=ColumnFamily,keyspace=keyspace1,scope=standard1,name=AllMemtablesLiveDataSize:
17298588
#mbean = org.apache.cassandra.metrics:type=ClientRequest,scope=Write,name=Latency:
9412.890500000001
#mbean = org.apache.cassandra.metrics:type=ColumnFamily,keyspace=keyspace1,scope=standard1,name=LiveSSTableCount:
0
#mbean = org.apache.cassandra.metrics:type=ColumnFamily,keyspace=keyspace1,scope=standard1,name=AllMemtablesLiveDataSize:
17465940
#mbean = org.apache.cassandra.metrics:type=ClientRequest,scope=Write,name=Latency:
9208.721449999985
#mbean = org.apache.cassandra.metrics:type=ColumnFamily,keyspace=keyspace1,scope=standard1,name=LiveSSTableCount:
0
#mbean = org.apache.cassandra.metrics:type=ColumnFamily,keyspace=keyspace1,scope=standard1,name=AllMemtablesLiveDataSize:
17671824
#mbean = org.apache.cassandra.metrics:type=ClientRequest,scope=Write,name=Latency:
9208.721449999985
#mbean = org.apache.cassandra.metrics:type=ColumnFamily,keyspace=keyspace1,scope=standard1,name=LiveSSTableCount:
0
#mbean = org.apache.cassandra.metrics:type=ColumnFamily,keyspace=keyspace1,scope=standard1,name=AllMemtablesLiveDataSize:
17874516
#mbean = org.apache.cassandra.metrics:type=ClientRequest,scope=Write,name=Latency:
8594.266049999998
#mbean = org.apache.cassandra.metrics:type=ColumnFamily,keyspace=keyspace1,scope=standard1,name=LiveSSTableCount:
0
#mbean = org.apache.cassandra.metrics:type=ColumnFamily,keyspace=keyspace1,scope=standard1,name=AllMemtablesLiveDataSize:
18027732
#mbean = org.apache.cassandra.metrics:type=ClientRequest,scope=Write,name=Latency:
8381.618199999999
#mbean = org.apache.cassandra.metrics:type=ColumnFamily,keyspace=keyspace1,scope=standard1,name=LiveSSTableCount:
0
#mbean = org.apache.cassandra.metrics:type=ColumnFamily,keyspace=keyspace1,scope=standard1,name=AllMemtablesLiveDataSize:
18250716
#mbean = org.apache.cassandra.metrics:type=ClientRequest,scope=Write,name=Latency:
8381.618199999999
#mbean = org.apache.cassandra.metrics:type=ColumnFamily,keyspace=keyspace1,scope=standard1,name=LiveSSTableCount:
0
#mbean = org.apache.cassandra.metrics:type=ColumnFamily,keyspace=keyspace1,scope=standard1,name=AllMemtablesLiveDataSize:
18356508
#mbean = org.apache.cassandra.metrics:type=ClientRequest,scope=Write,name=Latency:
8381.618199999999
#mbean = org.apache.cassandra.metrics:type=ColumnFamily,keyspace=keyspace1,scope=standard1,name=LiveSSTableCount:
0
#mbean = org.apache.cassandra.metrics:type=ColumnFamily,keyspace=keyspace1,scope=standard1,name=AllMemtablesLiveDataSize:
18457968
#mbean = org.apache.cassandra.metrics:type=ClientRequest,scope=Write,name=Latency:
5031.636149999998
#mbean = org.apache.cassandra.metrics:type=ColumnFamily,keyspace=keyspace1,scope=standard1,name=LiveSSTableCount:
0
#mbean = org.apache.cassandra.metrics:type=ColumnFamily,keyspace=keyspace1,scope=standard1,name=AllMemtablesLiveDataSize:
3301668
#mbean = org.apache.cassandra.metrics:type=ClientRequest,scope=Write,name=Latency:
4981.935249999997
#mbean = org.apache.cassandra.metrics:type=ColumnFamily,keyspace=keyspace1,scope=standard1,name=LiveSSTableCount:
0
#mbean = org.apache.cassandra.metrics:type=ColumnFamily,keyspace=keyspace1,scope=standard1,name=AllMemtablesLiveDataSize:
3378276
#mbean = org.apache.cassandra.metrics:type=ClientRequest,scope=Write,name=Latency:
4981.935249999997
#mbean = org.apache.cassandra.metrics:type=ColumnFamily,keyspace=keyspace1,scope=standard1,name=LiveSSTableCount:
0
#mbean = org.apache.cassandra.metrics:type=ColumnFamily,keyspace=keyspace1,scope=standard1,name=AllMemtablesLiveDataSize:
3484980
#mbean = org.apache.cassandra.metrics:type=ClientRequest,scope=Write,name=Latency:
4981.935249999997
#mbean = org.apache.cassandra.metrics:type=ColumnFamily,keyspace=keyspace1,scope=standard1,name=LiveSSTableCount:
0
#mbean = org.apache.cassandra.metrics:type=ColumnFamily,keyspace=keyspace1,scope=standard1,name=AllMemtablesLiveDataSize:
3712068
#mbean = org.apache.cassandra.metrics:type=ClientRequest,scope=Write,name=Latency:
4981.935249999997
#mbean = org.apache.cassandra.metrics:type=ColumnFamily,keyspace=keyspace1,scope=standard1,name=LiveSSTableCount:
0
#mbean = org.apache.cassandra.metrics:type=ColumnFamily,keyspace=keyspace1,scope=standard1,name=AllMemtablesLiveDataSize:
3809652
#mbean = org.apache.cassandra.metrics:type=ClientRequest,scope=Write,name=Latency:
4936.533799999999
#mbean = org.apache.cassandra.metrics:type=ColumnFamily,keyspace=keyspace1,scope=standard1,name=LiveSSTableCount:
0
#mbean = org.apache.cassandra.metrics:type=ColumnFamily,keyspace=keyspace1,scope=standard1,name=AllMemtablesLiveDataSize:
4026936
#mbean = org.apache.cassandra.metrics:type=ClientRequest,scope=Write,name=Latency:
4936.533799999999
#mbean = org.apache.cassandra.metrics:type=ColumnFamily,keyspace=keyspace1,scope=standard1,name=LiveSSTableCount:
0
#mbean = org.apache.cassandra.metrics:type=ColumnFamily,keyspace=keyspace1,scope=standard1,name=AllMemtablesLiveDataSize:
4078008
#mbean = org.apache.cassandra.metrics:type=ClientRequest,scope=Write,name=Latency:
4936.533799999999
#mbean = org.apache.cassandra.metrics:type=ColumnFamily,keyspace=keyspace1,scope=standard1,name=LiveSSTableCount:
0
#mbean = org.apache.cassandra.metrics:type=ColumnFamily,keyspace=keyspace1,scope=standard1,name=AllMemtablesLiveDataSize:
4152792
#mbean = org.apache.cassandra.metrics:type=ClientRequest,scope=Write,name=Latency:
4936.533799999999
#mbean = org.apache.cassandra.metrics:type=ColumnFamily,keyspace=keyspace1,scope=standard1,name=LiveSSTableCount:
0
#mbean = org.apache.cassandra.metrics:type=ColumnFamily,keyspace=keyspace1,scope=standard1,name=AllMemtablesLiveDataSize:
4188816
#mbean = org.apache.cassandra.metrics:type=ClientRequest,scope=Write,name=Latency:
4936.533799999999
#mbean = org.apache.cassandra.metrics:type=ColumnFamily,keyspace=keyspace1,scope=standard1,name=LiveSSTableCount:
0
#mbean = org.apache.cassandra.metrics:type=ColumnFamily,keyspace=keyspace1,scope=standard1,name=AllMemtablesLiveDataSize:
4265652
#mbean = org.apache.cassandra.metrics:type=ClientRequest,scope=Write,name=Latency:
4936.533799999999
#mbean = org.apache.cassandra.metrics:type=ColumnFamily,keyspace=keyspace1,scope=standard1,name=LiveSSTableCount:
0
#mbean = org.apache.cassandra.metrics:type=ColumnFamily,keyspace=keyspace1,scope=standard1,name=AllMemtablesLiveDataSize:
4363236
#mbean = org.apache.cassandra.metrics:type=ClientRequest,scope=Write,name=Latency:
4936.533799999999
#mbean = org.apache.cassandra.metrics:type=ColumnFamily,keyspace=keyspace1,scope=standard1,name=LiveSSTableCount:
0
#mbean = org.apache.cassandra.metrics:type=ColumnFamily,keyspace=keyspace1,scope=standard1,name=AllMemtablesLiveDataSize:
18567636
#mbean = org.apache.cassandra.metrics:type=ClientRequest,scope=Write,name=Latency:
1639.3986999999968
#mbean = org.apache.cassandra.metrics:type=ColumnFamily,keyspace=keyspace1,scope=standard1,name=LiveSSTableCount:
0
#mbean = org.apache.cassandra.metrics:type=ColumnFamily,keyspace=keyspace1,scope=standard1,name=AllMemtablesLiveDataSize:
18582684
#mbean = org.apache.cassandra.metrics:type=ClientRequest,scope=Write,name=Latency:
1639.3986999999968
#mbean = org.apache.cassandra.metrics:type=ColumnFamily,keyspace=keyspace1,scope=standard1,name=LiveSSTableCount:
0
#mbean = org.apache.cassandra.metrics:type=ColumnFamily,keyspace=keyspace1,scope=standard1,name=AllMemtablesLiveDataSize:
18677304
#mbean = org.apache.cassandra.metrics:type=ClientRequest,scope=Write,name=Latency:
1639.3986999999968
#mbean = org.apache.cassandra.metrics:type=ColumnFamily,keyspace=keyspace1,scope=standard1,name=LiveSSTableCount:
0
#mbean = org.apache.cassandra.metrics:type=ColumnFamily,keyspace=keyspace1,scope=standard1,name=AllMemtablesLiveDataSize:
18784692
#mbean = org.apache.cassandra.metrics:type=ClientRequest,scope=Write,name=Latency:
1639.3986999999968
#mbean = org.apache.cassandra.metrics:type=ColumnFamily,keyspace=keyspace1,scope=standard1,name=LiveSSTableCount:
0
#mbean = org.apache.cassandra.metrics:type=ColumnFamily,keyspace=keyspace1,scope=standard1,name=AllMemtablesLiveDataSize:
18897324
#mbean = org.apache.cassandra.metrics:type=ClientRequest,scope=Write,name=Latency:
1639.3986999999968
#mbean = org.apache.cassandra.metrics:type=ColumnFamily,keyspace=keyspace1,scope=standard1,name=LiveSSTableCount:
0
#mbean = org.apache.cassandra.metrics:type=ColumnFamily,keyspace=keyspace1,scope=standard1,name=AllMemtablesLiveDataSize:
19038684
#mbean = org.apache.cassandra.metrics:type=ClientRequest,scope=Write,name=Latency:
1639.3986999999968
#mbean = org.apache.cassandra.metrics:type=ColumnFamily,keyspace=keyspace1,scope=standard1,name=LiveSSTableCount:
0
#mbean = org.apache.cassandra.metrics:type=ColumnFamily,keyspace=keyspace1,scope=standard1,name=AllMemtablesLiveDataSize:
19128288
#mbean = org.apache.cassandra.metrics:type=ClientRequest,scope=Write,name=Latency:
1639.3986999999968
#mbean = org.apache.cassandra.metrics:type=ColumnFamily,keyspace=keyspace1,scope=standard1,name=LiveSSTableCount:
0
#mbean = org.apache.cassandra.metrics:type=ColumnFamily,keyspace=keyspace1,scope=standard1,name=AllMemtablesLiveDataSize:
19250724
#mbean = org.apache.cassandra.metrics:type=ClientRequest,scope=Write,name=Latency:
1639.3986999999968
#mbean = org.apache.cassandra.metrics:type=ColumnFamily,keyspace=keyspace1,scope=standard1,name=LiveSSTableCount:
0
#mbean = org.apache.cassandra.metrics:type=ColumnFamily,keyspace=keyspace1,scope=standard1,name=AllMemtablesLiveDataSize:
19388436
#mbean = org.apache.cassandra.metrics:type=ClientRequest,scope=Write,name=Latency:
1639.3986999999968
#mbean = org.apache.cassandra.metrics:type=ColumnFamily,keyspace=keyspace1,scope=standard1,name=LiveSSTableCount:
0
#mbean = org.apache.cassandra.metrics:type=ColumnFamily,keyspace=keyspace1,scope=standard1,name=AllMemtablesLiveDataSize:
19521588
#mbean = org.apache.cassandra.metrics:type=ClientRequest,scope=Write,name=Latency:
1679.1487499999992
#mbean = org.apache.cassandra.metrics:type=ColumnFamily,keyspace=keyspace1,scope=standard1,name=LiveSSTableCount:
0
#mbean = org.apache.cassandra.metrics:type=ColumnFamily,keyspace=keyspace1,scope=standard1,name=AllMemtablesLiveDataSize:
19646532
#mbean = org.apache.cassandra.metrics:type=ClientRequest,scope=Write,name=Latency:
1679.1487499999992
#mbean = org.apache.cassandra.metrics:type=ColumnFamily,keyspace=keyspace1,scope=standard1,name=LiveSSTableCount:
0
#mbean = org.apache.cassandra.metrics:type=ColumnFamily,keyspace=keyspace1,scope=standard1,name=AllMemtablesLiveDataSize:
19791540
#mbean = org.apache.cassandra.metrics:type=ClientRequest,scope=Write,name=Latency:
1679.1487499999992
#mbean = org.apache.cassandra.metrics:type=ColumnFamily,keyspace=keyspace1,scope=standard1,name=LiveSSTableCount:
2
#mbean = org.apache.cassandra.metrics:type=ColumnFamily,keyspace=keyspace1,scope=standard1,name=AllMemtablesLiveDataSize:
9992328
#mbean = org.apache.cassandra.metrics:type=ClientRequest,scope=Write,name=Latency:
856.2522499999997
#mbean = org.apache.cassandra.metrics:type=ColumnFamily,keyspace=keyspace1,scope=standard1,name=LiveSSTableCount:
2
#mbean = org.apache.cassandra.metrics:type=ColumnFamily,keyspace=keyspace1,scope=standard1,name=AllMemtablesLiveDataSize:
10035192
#mbean = org.apache.cassandra.metrics:type=ClientRequest,scope=Write,name=Latency:
856.2522499999997
#mbean = org.apache.cassandra.metrics:type=ColumnFamily,keyspace=keyspace1,scope=standard1,name=LiveSSTableCount:
2
#mbean = org.apache.cassandra.metrics:type=ColumnFamily,keyspace=keyspace1,scope=standard1,name=AllMemtablesLiveDataSize:
10093104
#mbean = org.apache.cassandra.metrics:type=ClientRequest,scope=Write,name=Latency:
856.2522499999997
#mbean = org.apache.cassandra.metrics:type=ColumnFamily,keyspace=keyspace1,scope=standard1,name=LiveSSTableCount:
2
#mbean = org.apache.cassandra.metrics:type=ColumnFamily,keyspace=keyspace1,scope=standard1,name=AllMemtablesLiveDataSize:
10115220
#mbean = org.apache.cassandra.metrics:type=ClientRequest,scope=Write,name=Latency:
856.2522499999997
#mbean = org.apache.cassandra.metrics:type=ColumnFamily,keyspace=keyspace1,scope=standard1,name=LiveSSTableCount:
2
#mbean = org.apache.cassandra.metrics:type=ColumnFamily,keyspace=keyspace1,scope=standard1,name=AllMemtablesLiveDataSize:
10128900
#mbean = org.apache.cassandra.metrics:type=ClientRequest,scope=Write,name=Latency:
856.2522499999997
#mbean = org.apache.cassandra.metrics:type=ColumnFamily,keyspace=keyspace1,scope=standard1,name=LiveSSTableCount:
2
#mbean = org.apache.cassandra.metrics:type=ColumnFamily,keyspace=keyspace1,scope=standard1,name=AllMemtablesLiveDataSize:
10151472
#mbean = org.apache.cassandra.metrics:type=ClientRequest,scope=Write,name=Latency:
856.2522499999997
#mbean = org.apache.cassandra.metrics:type=ColumnFamily,keyspace=keyspace1,scope=standard1,name=LiveSSTableCount:
2
#mbean = org.apache.cassandra.metrics:type=ColumnFamily,keyspace=keyspace1,scope=standard1,name=AllMemtablesLiveDataSize:
10173816
#mbean = org.apache.cassandra.metrics:type=ClientRequest,scope=Write,name=Latency:
856.2522499999997
#mbean = org.apache.cassandra.metrics:type=ColumnFamily,keyspace=keyspace1,scope=standard1,name=LiveSSTableCount:
2
#mbean = org.apache.cassandra.metrics:type=ColumnFamily,keyspace=keyspace1,scope=standard1,name=AllMemtablesLiveDataSize:
10221012
#mbean = org.apache.cassandra.metrics:type=ClientRequest,scope=Write,name=Latency:
856.2522499999997
#mbean = org.apache.cassandra.metrics:type=ColumnFamily,keyspace=keyspace1,scope=standard1,name=LiveSSTableCount:
2
#mbean = org.apache.cassandra.metrics:type=ColumnFamily,keyspace=keyspace1,scope=standard1,name=AllMemtablesLiveDataSize:
10258632
#mbean = org.apache.cassandra.metrics:type=ClientRequest,scope=Write,name=Latency:
856.2522499999997
#mbean = org.apache.cassandra.metrics:type=ColumnFamily,keyspace=keyspace1,scope=standard1,name=LiveSSTableCount:
2
#mbean = org.apache.cassandra.metrics:type=ColumnFamily,keyspace=keyspace1,scope=standard1,name=AllMemtablesLiveDataSize:
10258632
#mbean = org.apache.cassandra.metrics:type=ClientRequest,scope=Write,name=Latency:
856.2522499999997
#mbean = org.apache.cassandra.metrics:type=ColumnFamily,keyspace=keyspace1,scope=standard1,name=LiveSSTableCount:
2
#mbean = org.apache.cassandra.metrics:type=ColumnFamily,keyspace=keyspace1,scope=standard1,name=AllMemtablesLiveDataSize:
10258632
#mbean = org.apache.cassandra.metrics:type=ClientRequest,scope=Write,name=Latency:
856.2522499999997
#mbean = org.apache.cassandra.metrics:type=ColumnFamily,keyspace=keyspace1,scope=standard1,name=LiveSSTableCount:
2
#mbean = org.apache.cassandra.metrics:type=ColumnFamily,keyspace=keyspace1,scope=standard1,name=AllMemtablesLiveDataSize:
10258632
#mbean = org.apache.cassandra.metrics:type=ClientRequest,scope=Write,name=Latency:
604.5952499999988
#mbean = org.apache.cassandra.metrics:type=ColumnFamily,keyspace=keyspace1,scope=standard1,name=LiveSSTableCount:
2
#mbean = org.apache.cassandra.metrics:type=ColumnFamily,keyspace=keyspace1,scope=standard1,name=AllMemtablesLiveDataSize:
6457416
#mbean = org.apache.cassandra.metrics:type=ClientRequest,scope=Write,name=Latency:
603.2674999999999
#mbean = org.apache.cassandra.metrics:type=ColumnFamily,keyspace=keyspace1,scope=standard1,name=LiveSSTableCount:
2
#mbean = org.apache.cassandra.metrics:type=ColumnFamily,keyspace=keyspace1,scope=standard1,name=AllMemtablesLiveDataSize:
6500964
#mbean = org.apache.cassandra.metrics:type=ClientRequest,scope=Write,name=Latency:
604.5952499999988
#mbean = org.apache.cassandra.metrics:type=ColumnFamily,keyspace=keyspace1,scope=standard1,name=LiveSSTableCount:
2
#mbean = org.apache.cassandra.metrics:type=ColumnFamily,keyspace=keyspace1,scope=standard1,name=AllMemtablesLiveDataSize:
6661704
#mbean = org.apache.cassandra.metrics:type=ClientRequest,scope=Write,name=Latency:
604.5952499999988
#mbean = org.apache.cassandra.metrics:type=ColumnFamily,keyspace=keyspace1,scope=standard1,name=LiveSSTableCount:
2
#mbean = org.apache.cassandra.metrics:type=ColumnFamily,keyspace=keyspace1,scope=standard1,name=AllMemtablesLiveDataSize:
6800328
#mbean = org.apache.cassandra.metrics:type=ClientRequest,scope=Write,name=Latency:
604.5952499999988
#mbean = org.apache.cassandra.metrics:type=ColumnFamily,keyspace=keyspace1,scope=standard1,name=LiveSSTableCount:
2
#mbean = org.apache.cassandra.metrics:type=ColumnFamily,keyspace=keyspace1,scope=standard1,name=AllMemtablesLiveDataSize:
6983640
#mbean = org.apache.cassandra.metrics:type=ClientRequest,scope=Write,name=Latency:
604.5952499999988
#mbean = org.apache.cassandra.metrics:type=ColumnFamily,keyspace=keyspace1,scope=standard1,name=LiveSSTableCount:
2
#mbean = org.apache.cassandra.metrics:type=ColumnFamily,keyspace=keyspace1,scope=standard1,name=AllMemtablesLiveDataSize:
7117248
#mbean = org.apache.cassandra.metrics:type=ClientRequest,scope=Write,name=Latency:
604.5952499999988
#mbean = org.apache.cassandra.metrics:type=ColumnFamily,keyspace=keyspace1,scope=standard1,name=LiveSSTableCount:
2
#mbean = org.apache.cassandra.metrics:type=ColumnFamily,keyspace=keyspace1,scope=standard1,name=AllMemtablesLiveDataSize:
7219392
#mbean = org.apache.cassandra.metrics:type=ClientRequest,scope=Write,name=Latency:
604.5952499999988
#mbean = org.apache.cassandra.metrics:type=ColumnFamily,keyspace=keyspace1,scope=standard1,name=LiveSSTableCount:
2
#mbean = org.apache.cassandra.metrics:type=ColumnFamily,keyspace=keyspace1,scope=standard1,name=AllMemtablesLiveDataSize:
7248576
#mbean = org.apache.cassandra.metrics:type=ClientRequest,scope=Write,name=Latency:
604.5952499999988
#mbean = org.apache.cassandra.metrics:type=ColumnFamily,keyspace=keyspace1,scope=standard1,name=LiveSSTableCount:
2
#mbean = org.apache.cassandra.metrics:type=ColumnFamily,keyspace=keyspace1,scope=standard1,name=AllMemtablesLiveDataSize:
7371696
#mbean = org.apache.cassandra.metrics:type=ClientRequest,scope=Write,name=Latency:
578.6553999999988
#mbean = org.apache.cassandra.metrics:type=ColumnFamily,keyspace=keyspace1,scope=standard1,name=LiveSSTableCount:
2
#mbean = org.apache.cassandra.metrics:type=ColumnFamily,keyspace=keyspace1,scope=standard1,name=AllMemtablesLiveDataSize:
7529016
#mbean = org.apache.cassandra.metrics:type=ClientRequest,scope=Write,name=Latency:
578.6553999999988
#mbean = org.apache.cassandra.metrics:type=ColumnFamily,keyspace=keyspace1,scope=standard1,name=LiveSSTableCount:
2
#mbean = org.apache.cassandra.metrics:type=ColumnFamily,keyspace=keyspace1,scope=standard1,name=AllMemtablesLiveDataSize:
7529016
#mbean = org.apache.cassandra.metrics:type=ClientRequest,scope=Write,name=Latency:
578.6553999999988
#mbean = org.apache.cassandra.metrics:type=ColumnFamily,keyspace=keyspace1,scope=standard1,name=LiveSSTableCount:
2
#mbean = org.apache.cassandra.metrics:type=ColumnFamily,keyspace=keyspace1,scope=standard1,name=AllMemtablesLiveDataSize:
321708
#mbean = org.apache.cassandra.metrics:type=ClientRequest,scope=Write,name=Latency:
492.4823499999994
#mbean = org.apache.cassandra.metrics:type=ColumnFamily,keyspace=keyspace1,scope=standard1,name=LiveSSTableCount:
3
#mbean = org.apache.cassandra.metrics:type=ColumnFamily,keyspace=keyspace1,scope=standard1,name=AllMemtablesLiveDataSize:
372324
#mbean = org.apache.cassandra.metrics:type=ClientRequest,scope=Write,name=Latency:
492.4823499999994
#mbean = org.apache.cassandra.metrics:type=ColumnFamily,keyspace=keyspace1,scope=standard1,name=LiveSSTableCount:
3
#mbean = org.apache.cassandra.metrics:type=ColumnFamily,keyspace=keyspace1,scope=standard1,name=AllMemtablesLiveDataSize:
393984
#mbean = org.apache.cassandra.metrics:type=ClientRequest,scope=Write,name=Latency:
492.4823499999994
#mbean = org.apache.cassandra.metrics:type=ColumnFamily,keyspace=keyspace1,scope=standard1,name=LiveSSTableCount:
3
#mbean = org.apache.cassandra.metrics:type=ColumnFamily,keyspace=keyspace1,scope=standard1,name=AllMemtablesLiveDataSize:
506844
#mbean = org.apache.cassandra.metrics:type=ClientRequest,scope=Write,name=Latency:
492.4823499999994
#mbean = org.apache.cassandra.metrics:type=ColumnFamily,keyspace=keyspace1,scope=standard1,name=LiveSSTableCount:
3
#mbean = org.apache.cassandra.metrics:type=ColumnFamily,keyspace=keyspace1,scope=standard1,name=AllMemtablesLiveDataSize:
617652
#mbean = org.apache.cassandra.metrics:type=ClientRequest,scope=Write,name=Latency:
492.4823499999994
#mbean = org.apache.cassandra.metrics:type=ColumnFamily,keyspace=keyspace1,scope=standard1,name=LiveSSTableCount:
3
#mbean = org.apache.cassandra.metrics:type=ColumnFamily,keyspace=keyspace1,scope=standard1,name=AllMemtablesLiveDataSize:
685596
#mbean = org.apache.cassandra.metrics:type=ClientRequest,scope=Write,name=Latency:
492.4823499999994
#mbean = org.apache.cassandra.metrics:type=ColumnFamily,keyspace=keyspace1,scope=standard1,name=LiveSSTableCount:
3
#mbean = org.apache.cassandra.metrics:type=ColumnFamily,keyspace=keyspace1,scope=standard1,name=AllMemtablesLiveDataSize:
707712
#mbean = org.apache.cassandra.metrics:type=ClientRequest,scope=Write,name=Latency:
492.4823499999994
#mbean = org.apache.cassandra.metrics:type=ColumnFamily,keyspace=keyspace1,scope=standard1,name=LiveSSTableCount:
3
#mbean = org.apache.cassandra.metrics:type=ColumnFamily,keyspace=keyspace1,scope=standard1,name=AllMemtablesLiveDataSize:
737124
#mbean = org.apache.cassandra.metrics:type=ClientRequest,scope=Write,name=Latency:
492.4823499999994
#mbean = org.apache.cassandra.metrics:type=ColumnFamily,keyspace=keyspace1,scope=standard1,name=LiveSSTableCount:
3
#mbean = org.apache.cassandra.metrics:type=ColumnFamily,keyspace=keyspace1,scope=standard1,name=AllMemtablesLiveDataSize:
792300
#mbean = org.apache.cassandra.metrics:type=ClientRequest,scope=Write,name=Latency:
492.4823499999994
#mbean = org.apache.cassandra.metrics:type=ColumnFamily,keyspace=keyspace1,scope=standard1,name=LiveSSTableCount:
3
#mbean = org.apache.cassandra.metrics:type=ColumnFamily,keyspace=keyspace1,scope=standard1,name=AllMemtablesLiveDataSize:
825132
#mbean = org.apache.cassandra.metrics:type=ClientRequest,scope=Write,name=Latency:
492.4823499999994
#mbean = org.apache.cassandra.metrics:type=ColumnFamily,keyspace=keyspace1,scope=standard1,name=LiveSSTableCount:
3
#mbean = org.apache.cassandra.metrics:type=ColumnFamily,keyspace=keyspace1,scope=standard1,name=AllMemtablesLiveDataSize:
847020
#mbean = org.apache.cassandra.metrics:type=ClientRequest,scope=Write,name=Latency:
492.4823499999994
#mbean = org.apache.cassandra.metrics:type=ColumnFamily,keyspace=keyspace1,scope=standard1,name=LiveSSTableCount:
3
#mbean = org.apache.cassandra.metrics:type=ColumnFamily,keyspace=keyspace1,scope=standard1,name=AllMemtablesLiveDataSize:
874152
#mbean = org.apache.cassandra.metrics:type=ClientRequest,scope=Write,name=Latency:
492.4823499999994
#mbean = org.apache.cassandra.metrics:type=ColumnFamily,keyspace=keyspace1,scope=standard1,name=LiveSSTableCount:
4
#mbean = org.apache.cassandra.metrics:type=ColumnFamily,keyspace=keyspace1,scope=standard1,name=AllMemtablesLiveDataSize:
19006080
#mbean = org.apache.cassandra.metrics:type=ClientRequest,scope=Write,name=Latency:
424.3546999999996
#mbean = org.apache.cassandra.metrics:type=ColumnFamily,keyspace=keyspace1,scope=standard1,name=LiveSSTableCount:
4
#mbean = org.apache.cassandra.metrics:type=ColumnFamily,keyspace=keyspace1,scope=standard1,name=AllMemtablesLiveDataSize:
19032072
#mbean = org.apache.cassandra.metrics:type=ClientRequest,scope=Write,name=Latency:
417.43584999999985
#mbean = org.apache.cassandra.metrics:type=ColumnFamily,keyspace=keyspace1,scope=standard1,name=LiveSSTableCount:
4
#mbean = org.apache.cassandra.metrics:type=ColumnFamily,keyspace=keyspace1,scope=standard1,name=AllMemtablesLiveDataSize:
19142880
#mbean = org.apache.cassandra.metrics:type=ClientRequest,scope=Write,name=Latency:
417.43584999999985
#mbean = org.apache.cassandra.metrics:type=ColumnFamily,keyspace=keyspace1,scope=standard1,name=LiveSSTableCount:
4
#mbean = org.apache.cassandra.metrics:type=ColumnFamily,keyspace=keyspace1,scope=standard1,name=AllMemtablesLiveDataSize:
19270104
#mbean = org.apache.cassandra.metrics:type=ClientRequest,scope=Write,name=Latency:
417.43584999999985
#mbean = org.apache.cassandra.metrics:type=ColumnFamily,keyspace=keyspace1,scope=standard1,name=LiveSSTableCount:
4
#mbean = org.apache.cassandra.metrics:type=ColumnFamily,keyspace=keyspace1,scope=standard1,name=AllMemtablesLiveDataSize:
19423092
#mbean = org.apache.cassandra.metrics:type=ClientRequest,scope=Write,name=Latency:
417.43584999999985
#mbean = org.apache.cassandra.metrics:type=ColumnFamily,keyspace=keyspace1,scope=standard1,name=LiveSSTableCount:
4
#mbean = org.apache.cassandra.metrics:type=ColumnFamily,keyspace=keyspace1,scope=standard1,name=AllMemtablesLiveDataSize:
19629660
#mbean = org.apache.cassandra.metrics:type=ClientRequest,scope=Write,name=Latency:
417.43584999999985
#mbean = org.apache.cassandra.metrics:type=ColumnFamily,keyspace=keyspace1,scope=standard1,name=LiveSSTableCount:
4
#mbean = org.apache.cassandra.metrics:type=ColumnFamily,keyspace=keyspace1,scope=standard1,name=AllMemtablesLiveDataSize:
19698516
#mbean = org.apache.cassandra.metrics:type=ClientRequest,scope=Write,name=Latency:
417.43584999999985
#mbean = org.apache.cassandra.metrics:type=ColumnFamily,keyspace=keyspace1,scope=standard1,name=LiveSSTableCount:
4
#mbean = org.apache.cassandra.metrics:type=ColumnFamily,keyspace=keyspace1,scope=standard1,name=AllMemtablesLiveDataSize:
19773300
#mbean = org.apache.cassandra.metrics:type=ClientRequest,scope=Write,name=Latency:
417.43584999999985
#mbean = org.apache.cassandra.metrics:type=ColumnFamily,keyspace=keyspace1,scope=standard1,name=LiveSSTableCount:
4
#mbean = org.apache.cassandra.metrics:type=ColumnFamily,keyspace=keyspace1,scope=standard1,name=AllMemtablesLiveDataSize:
19911924
#mbean = org.apache.cassandra.metrics:type=ClientRequest,scope=Write,name=Latency:
417.43584999999985
#mbean = org.apache.cassandra.metrics:type=ColumnFamily,keyspace=keyspace1,scope=standard1,name=LiveSSTableCount:
4
#mbean = org.apache.cassandra.metrics:type=ColumnFamily,keyspace=keyspace1,scope=standard1,name=AllMemtablesLiveDataSize:
20017032
#mbean = org.apache.cassandra.metrics:type=ClientRequest,scope=Write,name=Latency:
424.3546999999996
#mbean = org.apache.cassandra.metrics:type=ColumnFamily,keyspace=keyspace1,scope=standard1,name=LiveSSTableCount:
4
#mbean = org.apache.cassandra.metrics:type=ColumnFamily,keyspace=keyspace1,scope=standard1,name=AllMemtablesLiveDataSize:
20157936
#mbean = org.apache.cassandra.metrics:type=ClientRequest,scope=Write,name=Latency:
424.3546999999996
#mbean = org.apache.cassandra.metrics:type=ColumnFamily,keyspace=keyspace1,scope=standard1,name=LiveSSTableCount:
4
#mbean = org.apache.cassandra.metrics:type=ColumnFamily,keyspace=keyspace1,scope=standard1,name=AllMemtablesLiveDataSize:
20251416
#mbean = org.apache.cassandra.metrics:type=ClientRequest,scope=Write,name=Latency:
379.11665
#mbean = org.apache.cassandra.metrics:type=ColumnFamily,keyspace=keyspace1,scope=standard1,name=LiveSSTableCount:
5
#mbean = org.apache.cassandra.metrics:type=ColumnFamily,keyspace=keyspace1,scope=standard1,name=AllMemtablesLiveDataSize:
11200956
#mbean = org.apache.cassandra.metrics:type=ClientRequest,scope=Write,name=Latency:
379.11665
#mbean = org.apache.cassandra.metrics:type=ColumnFamily,keyspace=keyspace1,scope=standard1,name=LiveSSTableCount:
5
#mbean = org.apache.cassandra.metrics:type=ColumnFamily,keyspace=keyspace1,scope=standard1,name=AllMemtablesLiveDataSize:
11419380
#mbean = org.apache.cassandra.metrics:type=ClientRequest,scope=Write,name=Latency:
379.11665
#mbean = org.apache.cassandra.metrics:type=ColumnFamily,keyspace=keyspace1,scope=standard1,name=LiveSSTableCount:
5
#mbean = org.apache.cassandra.metrics:type=ColumnFamily,keyspace=keyspace1,scope=standard1,name=AllMemtablesLiveDataSize:
11564388
#mbean = org.apache.cassandra.metrics:type=ClientRequest,scope=Write,name=Latency:
379.11665
#mbean = org.apache.cassandra.metrics:type=ColumnFamily,keyspace=keyspace1,scope=standard1,name=LiveSSTableCount:
5
#mbean = org.apache.cassandra.metrics:type=ColumnFamily,keyspace=keyspace1,scope=standard1,name=AllMemtablesLiveDataSize:
11658552
#mbean = org.apache.cassandra.metrics:type=ClientRequest,scope=Write,name=Latency:
379.11665
#mbean = org.apache.cassandra.metrics:type=ColumnFamily,keyspace=keyspace1,scope=standard1,name=LiveSSTableCount:
5
#mbean = org.apache.cassandra.metrics:type=ColumnFamily,keyspace=keyspace1,scope=standard1,name=AllMemtablesLiveDataSize:
11712360
#mbean = org.apache.cassandra.metrics:type=ClientRequest,scope=Write,name=Latency:
379.11665
#mbean = org.apache.cassandra.metrics:type=ColumnFamily,keyspace=keyspace1,scope=standard1,name=LiveSSTableCount:
5
#mbean = org.apache.cassandra.metrics:type=ColumnFamily,keyspace=keyspace1,scope=standard1,name=AllMemtablesLiveDataSize:
11787144
#mbean = org.apache.cassandra.metrics:type=ClientRequest,scope=Write,name=Latency:
377.4286999999999
#mbean = org.apache.cassandra.metrics:type=ColumnFamily,keyspace=keyspace1,scope=standard1,name=LiveSSTableCount:
5
#mbean = org.apache.cassandra.metrics:type=ColumnFamily,keyspace=keyspace1,scope=standard1,name=AllMemtablesLiveDataSize:
11857824
#mbean = org.apache.cassandra.metrics:type=ClientRequest,scope=Write,name=Latency:
377.4286999999999
#mbean = org.apache.cassandra.metrics:type=ColumnFamily,keyspace=keyspace1,scope=standard1,name=LiveSSTableCount:
5
#mbean = org.apache.cassandra.metrics:type=ColumnFamily,keyspace=keyspace1,scope=standard1,name=AllMemtablesLiveDataSize:
12045012
#mbean = org.apache.cassandra.metrics:type=ClientRequest,scope=Write,name=Latency:
377.4286999999999
#mbean = org.apache.cassandra.metrics:type=ColumnFamily,keyspace=keyspace1,scope=standard1,name=LiveSSTableCount:
5
#mbean = org.apache.cassandra.metrics:type=ColumnFamily,keyspace=keyspace1,scope=standard1,name=AllMemtablesLiveDataSize:
12247476
#mbean = org.apache.cassandra.metrics:type=ClientRequest,scope=Write,name=Latency:
368.7122999999993
#mbean = org.apache.cassandra.metrics:type=ColumnFamily,keyspace=keyspace1,scope=standard1,name=LiveSSTableCount:
5
#mbean = org.apache.cassandra.metrics:type=ColumnFamily,keyspace=keyspace1,scope=standard1,name=AllMemtablesLiveDataSize:
12394764
#mbean = org.apache.cassandra.metrics:type=ClientRequest,scope=Write,name=Latency:
368.7122999999993
#mbean = org.apache.cassandra.metrics:type=ColumnFamily,keyspace=keyspace1,scope=standard1,name=LiveSSTableCount:
5
#mbean = org.apache.cassandra.metrics:type=ColumnFamily,keyspace=keyspace1,scope=standard1,name=AllMemtablesLiveDataSize:
12511728
#mbean = org.apache.cassandra.metrics:type=ClientRequest,scope=Write,name=Latency:
368.7122999999993
#mbean = org.apache.cassandra.metrics:type=ColumnFamily,keyspace=keyspace1,scope=standard1,name=LiveSSTableCount:
5
#mbean = org.apache.cassandra.metrics:type=ColumnFamily,keyspace=keyspace1,scope=standard1,name=AllMemtablesLiveDataSize:
4924800
#mbean = org.apache.cassandra.metrics:type=ClientRequest,scope=Write,name=Latency:
311.09429999999946
#mbean = org.apache.cassandra.metrics:type=ColumnFamily,keyspace=keyspace1,scope=standard1,name=LiveSSTableCount:
5
#mbean = org.apache.cassandra.metrics:type=ColumnFamily,keyspace=keyspace1,scope=standard1,name=AllMemtablesLiveDataSize:
4938936
#mbean = org.apache.cassandra.metrics:type=ClientRequest,scope=Write,name=Latency:
310.507
#mbean = org.apache.cassandra.metrics:type=ColumnFamily,keyspace=keyspace1,scope=standard1,name=LiveSSTableCount:
5
#mbean = org.apache.cassandra.metrics:type=ColumnFamily,keyspace=keyspace1,scope=standard1,name=AllMemtablesLiveDataSize:
5147784
#mbean = org.apache.cassandra.metrics:type=ClientRequest,scope=Write,name=Latency:
311.09429999999946
#mbean = org.apache.cassandra.metrics:type=ColumnFamily,keyspace=keyspace1,scope=standard1,name=LiveSSTableCount:
5
#mbean = org.apache.cassandra.metrics:type=ColumnFamily,keyspace=keyspace1,scope=standard1,name=AllMemtablesLiveDataSize:
5247192
#mbean = org.apache.cassandra.metrics:type=ClientRequest,scope=Write,name=Latency:
311.09429999999946
#mbean = org.apache.cassandra.metrics:type=ColumnFamily,keyspace=keyspace1,scope=standard1,name=LiveSSTableCount:
5
#mbean = org.apache.cassandra.metrics:type=ColumnFamily,keyspace=keyspace1,scope=standard1,name=AllMemtablesLiveDataSize:
5313540
#mbean = org.apache.cassandra.metrics:type=ClientRequest,scope=Write,name=Latency:
311.09429999999946
#mbean = org.apache.cassandra.metrics:type=ColumnFamily,keyspace=keyspace1,scope=standard1,name=LiveSSTableCount:
5
#mbean = org.apache.cassandra.metrics:type=ColumnFamily,keyspace=keyspace1,scope=standard1,name=AllMemtablesLiveDataSize:
5385816
#mbean = org.apache.cassandra.metrics:type=ClientRequest,scope=Write,name=Latency:
311.09429999999946
#mbean = org.apache.cassandra.metrics:type=ColumnFamily,keyspace=keyspace1,scope=standard1,name=LiveSSTableCount:
5
#mbean = org.apache.cassandra.metrics:type=ColumnFamily,keyspace=keyspace1,scope=standard1,name=AllMemtablesLiveDataSize:
5501868
#mbean = org.apache.cassandra.metrics:type=ClientRequest,scope=Write,name=Latency:
311.09429999999946
#mbean = org.apache.cassandra.metrics:type=ColumnFamily,keyspace=keyspace1,scope=standard1,name=LiveSSTableCount:
5
#mbean = org.apache.cassandra.metrics:type=ColumnFamily,keyspace=keyspace1,scope=standard1,name=AllMemtablesLiveDataSize:
5540628
#mbean = org.apache.cassandra.metrics:type=ClientRequest,scope=Write,name=Latency:
311.09429999999946
#mbean = org.apache.cassandra.metrics:type=ColumnFamily,keyspace=keyspace1,scope=standard1,name=LiveSSTableCount:
5
#mbean = org.apache.cassandra.metrics:type=ColumnFamily,keyspace=keyspace1,scope=standard1,name=AllMemtablesLiveDataSize:
5606748
#mbean = org.apache.cassandra.metrics:type=ClientRequest,scope=Write,name=Latency:
311.09429999999946
#mbean = org.apache.cassandra.metrics:type=ColumnFamily,keyspace=keyspace1,scope=standard1,name=LiveSSTableCount:
5
#mbean = org.apache.cassandra.metrics:type=ColumnFamily,keyspace=keyspace1,scope=standard1,name=AllMemtablesLiveDataSize:
5627268
#mbean = org.apache.cassandra.metrics:type=ClientRequest,scope=Write,name=Latency:
311.09429999999946
#mbean = org.apache.cassandra.metrics:type=ColumnFamily,keyspace=keyspace1,scope=standard1,name=LiveSSTableCount:
5
#mbean = org.apache.cassandra.metrics:type=ColumnFamily,keyspace=keyspace1,scope=standard1,name=AllMemtablesLiveDataSize:
5691792
#mbean = org.apache.cassandra.metrics:type=ClientRequest,scope=Write,name=Latency:
311.09429999999946
#mbean = org.apache.cassandra.metrics:type=ColumnFamily,keyspace=keyspace1,scope=standard1,name=LiveSSTableCount:
5
#mbean = org.apache.cassandra.metrics:type=ColumnFamily,keyspace=keyspace1,scope=standard1,name=AllMemtablesLiveDataSize:
5757912
#mbean = org.apache.cassandra.metrics:type=ClientRequest,scope=Write,name=Latency:
311.09429999999946
#mbean = org.apache.cassandra.metrics:type=ColumnFamily,keyspace=keyspace1,scope=standard1,name=LiveSSTableCount:
7
#mbean = org.apache.cassandra.metrics:type=ColumnFamily,keyspace=keyspace1,scope=standard1,name=AllMemtablesLiveDataSize:
23166852
#mbean = org.apache.cassandra.metrics:type=ClientRequest,scope=Write,name=Latency:
266.8973
#mbean = org.apache.cassandra.metrics:type=ColumnFamily,keyspace=keyspace1,scope=standard1,name=LiveSSTableCount:
7
#mbean = org.apache.cassandra.metrics:type=ColumnFamily,keyspace=keyspace1,scope=standard1,name=AllMemtablesLiveDataSize:
23211996
#mbean = org.apache.cassandra.metrics:type=ClientRequest,scope=Write,name=Latency:
266.8973
#mbean = org.apache.cassandra.metrics:type=ColumnFamily,keyspace=keyspace1,scope=standard1,name=LiveSSTableCount:
7
#mbean = org.apache.cassandra.metrics:type=ColumnFamily,keyspace=keyspace1,scope=standard1,name=AllMemtablesLiveDataSize:
23320296
#mbean = org.apache.cassandra.metrics:type=ClientRequest,scope=Write,name=Latency:
266.8973
#mbean = org.apache.cassandra.metrics:type=ColumnFamily,keyspace=keyspace1,scope=standard1,name=LiveSSTableCount:
7
#mbean = org.apache.cassandra.metrics:type=ColumnFamily,keyspace=keyspace1,scope=standard1,name=AllMemtablesLiveDataSize:
23440452
#mbean = org.apache.cassandra.metrics:type=ClientRequest,scope=Write,name=Latency:
266.8973
#mbean = org.apache.cassandra.metrics:type=ColumnFamily,keyspace=keyspace1,scope=standard1,name=LiveSSTableCount:
7
#mbean = org.apache.cassandra.metrics:type=ColumnFamily,keyspace=keyspace1,scope=standard1,name=AllMemtablesLiveDataSize:
23660244
#mbean = org.apache.cassandra.metrics:type=ClientRequest,scope=Write,name=Latency:
267.48629999999997
#mbean = org.apache.cassandra.metrics:type=ColumnFamily,keyspace=keyspace1,scope=standard1,name=LiveSSTableCount:
7
#mbean = org.apache.cassandra.metrics:type=ColumnFamily,keyspace=keyspace1,scope=standard1,name=AllMemtablesLiveDataSize:
23754636
#mbean = org.apache.cassandra.metrics:type=ClientRequest,scope=Write,name=Latency:
267.48629999999997
#mbean = org.apache.cassandra.metrics:type=ColumnFamily,keyspace=keyspace1,scope=standard1,name=LiveSSTableCount:
7
#mbean = org.apache.cassandra.metrics:type=ColumnFamily,keyspace=keyspace1,scope=standard1,name=AllMemtablesLiveDataSize:
23775156
#mbean = org.apache.cassandra.metrics:type=ClientRequest,scope=Write,name=Latency:
267.48629999999997
#mbean = org.apache.cassandra.metrics:type=ColumnFamily,keyspace=keyspace1,scope=standard1,name=LiveSSTableCount:
7
#mbean = org.apache.cassandra.metrics:type=ColumnFamily,keyspace=keyspace1,scope=standard1,name=AllMemtablesLiveDataSize:
23810724
#mbean = org.apache.cassandra.metrics:type=ClientRequest,scope=Write,name=Latency:
267.48629999999997
#mbean = org.apache.cassandra.metrics:type=ColumnFamily,keyspace=keyspace1,scope=standard1,name=LiveSSTableCount:
7
#mbean = org.apache.cassandra.metrics:type=ColumnFamily,keyspace=keyspace1,scope=standard1,name=AllMemtablesLiveDataSize:
23973288
#mbean = org.apache.cassandra.metrics:type=ClientRequest,scope=Write,name=Latency:
267.48629999999997
#mbean = org.apache.cassandra.metrics:type=ColumnFamily,keyspace=keyspace1,scope=standard1,name=LiveSSTableCount:
7
#mbean = org.apache.cassandra.metrics:type=ColumnFamily,keyspace=keyspace1,scope=standard1,name=AllMemtablesLiveDataSize:
24074976
#mbean = org.apache.cassandra.metrics:type=ClientRequest,scope=Write,name=Latency:
267.48629999999997
#mbean = org.apache.cassandra.metrics:type=ColumnFamily,keyspace=keyspace1,scope=standard1,name=LiveSSTableCount:
7
#mbean = org.apache.cassandra.metrics:type=ColumnFamily,keyspace=keyspace1,scope=standard1,name=AllMemtablesLiveDataSize:
24164580
#mbean = org.apache.cassandra.metrics:type=ClientRequest,scope=Write,name=Latency:
267.48629999999997
#mbean = org.apache.cassandra.metrics:type=ColumnFamily,keyspace=keyspace1,scope=standard1,name=LiveSSTableCount:
7
#mbean = org.apache.cassandra.metrics:type=ColumnFamily,keyspace=keyspace1,scope=standard1,name=AllMemtablesLiveDataSize:
24274704
#mbean = org.apache.cassandra.metrics:type=ClientRequest,scope=Write,name=Latency:
234.84914999999995
#mbean = org.apache.cassandra.metrics:type=ColumnFamily,keyspace=keyspace1,scope=standard1,name=LiveSSTableCount:
8
#mbean = org.apache.cassandra.metrics:type=ColumnFamily,keyspace=keyspace1,scope=standard1,name=AllMemtablesLiveDataSize:
19321632
#mbean = org.apache.cassandra.metrics:type=ClientRequest,scope=Write,name=Latency:
234.84914999999995
#mbean = org.apache.cassandra.metrics:type=ColumnFamily,keyspace=keyspace1,scope=standard1,name=LiveSSTableCount:
8
#mbean = org.apache.cassandra.metrics:type=ColumnFamily,keyspace=keyspace1,scope=standard1,name=AllMemtablesLiveDataSize:
19509960
#mbean = org.apache.cassandra.metrics:type=ClientRequest,scope=Write,name=Latency:
235.88374999999996
#mbean = org.apache.cassandra.metrics:type=ColumnFamily,keyspace=keyspace1,scope=standard1,name=LiveSSTableCount:
8
#mbean = org.apache.cassandra.metrics:type=ColumnFamily,keyspace=keyspace1,scope=standard1,name=AllMemtablesLiveDataSize:
19649268
#mbean = org.apache.cassandra.metrics:type=ClientRequest,scope=Write,name=Latency:
235.88374999999996
#mbean = org.apache.cassandra.metrics:type=ColumnFamily,keyspace=keyspace1,scope=standard1,name=LiveSSTableCount:
8
#mbean = org.apache.cassandra.metrics:type=ColumnFamily,keyspace=keyspace1,scope=standard1,name=AllMemtablesLiveDataSize:
19770792
#mbean = org.apache.cassandra.metrics:type=ClientRequest,scope=Write,name=Latency:
234.8005
#mbean = org.apache.cassandra.metrics:type=ColumnFamily,keyspace=keyspace1,scope=standard1,name=LiveSSTableCount:
8
#mbean = org.apache.cassandra.metrics:type=ColumnFamily,keyspace=keyspace1,scope=standard1,name=AllMemtablesLiveDataSize:
19890948
#mbean = org.apache.cassandra.metrics:type=ClientRequest,scope=Write,name=Latency:
234.84914999999995
#mbean = org.apache.cassandra.metrics:type=ColumnFamily,keyspace=keyspace1,scope=standard1,name=LiveSSTableCount:
8
#mbean = org.apache.cassandra.metrics:type=ColumnFamily,keyspace=keyspace1,scope=standard1,name=AllMemtablesLiveDataSize:
20018628
#mbean = org.apache.cassandra.metrics:type=ClientRequest,scope=Write,name=Latency:
234.84914999999995
#mbean = org.apache.cassandra.metrics:type=ColumnFamily,keyspace=keyspace1,scope=standard1,name=LiveSSTableCount:
8
#mbean = org.apache.cassandra.metrics:type=ColumnFamily,keyspace=keyspace1,scope=standard1,name=AllMemtablesLiveDataSize:
20115984
#mbean = org.apache.cassandra.metrics:type=ClientRequest,scope=Write,name=Latency:
234.84914999999995
#mbean = org.apache.cassandra.metrics:type=ColumnFamily,keyspace=keyspace1,scope=standard1,name=LiveSSTableCount:
8
#mbean = org.apache.cassandra.metrics:type=ColumnFamily,keyspace=keyspace1,scope=standard1,name=AllMemtablesLiveDataSize:
20248680
#mbean = org.apache.cassandra.metrics:type=ClientRequest,scope=Write,name=Latency:
234.84914999999995
#mbean = org.apache.cassandra.metrics:type=ColumnFamily,keyspace=keyspace1,scope=standard1,name=LiveSSTableCount:
8
#mbean = org.apache.cassandra.metrics:type=ColumnFamily,keyspace=keyspace1,scope=standard1,name=AllMemtablesLiveDataSize:
20367696
#mbean = org.apache.cassandra.metrics:type=ClientRequest,scope=Write,name=Latency:
234.84914999999995
#mbean = org.apache.cassandra.metrics:type=ColumnFamily,keyspace=keyspace1,scope=standard1,name=LiveSSTableCount:
8
#mbean = org.apache.cassandra.metrics:type=ColumnFamily,keyspace=keyspace1,scope=standard1,name=AllMemtablesLiveDataSize:
20498568
#mbean = org.apache.cassandra.metrics:type=ClientRequest,scope=Write,name=Latency:
234.84914999999995
#mbean = org.apache.cassandra.metrics:type=ColumnFamily,keyspace=keyspace1,scope=standard1,name=LiveSSTableCount:
8
#mbean = org.apache.cassandra.metrics:type=ColumnFamily,keyspace=keyspace1,scope=standard1,name=AllMemtablesLiveDataSize:
20648136
#mbean = org.apache.cassandra.metrics:type=ClientRequest,scope=Write,name=Latency:
234.84914999999995
#mbean = org.apache.cassandra.metrics:type=ColumnFamily,keyspace=keyspace1,scope=standard1,name=LiveSSTableCount:
8
#mbean = org.apache.cassandra.metrics:type=ColumnFamily,keyspace=keyspace1,scope=standard1,name=AllMemtablesLiveDataSize:
11973876
#mbean = org.apache.cassandra.metrics:type=ClientRequest,scope=Write,name=Latency:
197.7294999999997
#mbean = org.apache.cassandra.metrics:type=ColumnFamily,keyspace=keyspace1,scope=standard1,name=LiveSSTableCount:
9
#mbean = org.apache.cassandra.metrics:type=ColumnFamily,keyspace=keyspace1,scope=standard1,name=AllMemtablesLiveDataSize:
11998272
#mbean = org.apache.cassandra.metrics:type=ClientRequest,scope=Write,name=Latency:
197.7294999999997
#mbean = org.apache.cassandra.metrics:type=ColumnFamily,keyspace=keyspace1,scope=standard1,name=LiveSSTableCount:
9
#mbean = org.apache.cassandra.metrics:type=ColumnFamily,keyspace=keyspace1,scope=standard1,name=AllMemtablesLiveDataSize:
12069180
#mbean = org.apache.cassandra.metrics:type=ClientRequest,scope=Write,name=Latency:
197.7294999999997
#mbean = org.apache.cassandra.metrics:type=ColumnFamily,keyspace=keyspace1,scope=standard1,name=LiveSSTableCount:
9
#mbean = org.apache.cassandra.metrics:type=ColumnFamily,keyspace=keyspace1,scope=standard1,name=AllMemtablesLiveDataSize:
12200964
#mbean = org.apache.cassandra.metrics:type=ClientRequest,scope=Write,name=Latency:
197.7294999999997
#mbean = org.apache.cassandra.metrics:type=ColumnFamily,keyspace=keyspace1,scope=standard1,name=LiveSSTableCount:
9
#mbean = org.apache.cassandra.metrics:type=ColumnFamily,keyspace=keyspace1,scope=standard1,name=AllMemtablesLiveDataSize:
12264804
#mbean = org.apache.cassandra.metrics:type=ClientRequest,scope=Write,name=Latency:
197.7294999999997
#mbean = org.apache.cassandra.metrics:type=ColumnFamily,keyspace=keyspace1,scope=standard1,name=LiveSSTableCount:
9
#mbean = org.apache.cassandra.metrics:type=ColumnFamily,keyspace=keyspace1,scope=standard1,name=AllMemtablesLiveDataSize:
12368544
#mbean = org.apache.cassandra.metrics:type=ClientRequest,scope=Write,name=Latency:
197.7294999999997
#mbean = org.apache.cassandra.metrics:type=ColumnFamily,keyspace=keyspace1,scope=standard1,name=LiveSSTableCount:
9
#mbean = org.apache.cassandra.metrics:type=ColumnFamily,keyspace=keyspace1,scope=standard1,name=AllMemtablesLiveDataSize:
12433752
#mbean = org.apache.cassandra.metrics:type=ClientRequest,scope=Write,name=Latency:
197.7294999999997
#mbean = org.apache.cassandra.metrics:type=ColumnFamily,keyspace=keyspace1,scope=standard1,name=LiveSSTableCount:
9
#mbean = org.apache.cassandra.metrics:type=ColumnFamily,keyspace=keyspace1,scope=standard1,name=AllMemtablesLiveDataSize:
12586740
#mbean = org.apache.cassandra.metrics:type=ClientRequest,scope=Write,name=Latency:
197.7294999999997
#mbean = org.apache.cassandra.metrics:type=ColumnFamily,keyspace=keyspace1,scope=standard1,name=LiveSSTableCount:
9
#mbean = org.apache.cassandra.metrics:type=ColumnFamily,keyspace=keyspace1,scope=standard1,name=AllMemtablesLiveDataSize:
12675888
#mbean = org.apache.cassandra.metrics:type=ClientRequest,scope=Write,name=Latency:
197.7294999999997
#mbean = org.apache.cassandra.metrics:type=ColumnFamily,keyspace=keyspace1,scope=standard1,name=LiveSSTableCount:
9
#mbean = org.apache.cassandra.metrics:type=ColumnFamily,keyspace=keyspace1,scope=standard1,name=AllMemtablesLiveDataSize:
12748620
#mbean = org.apache.cassandra.metrics:type=ClientRequest,scope=Write,name=Latency:
197.7294999999997
#mbean = org.apache.cassandra.metrics:type=ColumnFamily,keyspace=keyspace1,scope=standard1,name=LiveSSTableCount:
9
#mbean = org.apache.cassandra.metrics:type=ColumnFamily,keyspace=keyspace1,scope=standard1,name=AllMemtablesLiveDataSize:
12784188
#mbean = org.apache.cassandra.metrics:type=ClientRequest,scope=Write,name=Latency:
197.7294999999997
#mbean = org.apache.cassandra.metrics:type=ColumnFamily,keyspace=keyspace1,scope=standard1,name=LiveSSTableCount:
9
#mbean = org.apache.cassandra.metrics:type=ColumnFamily,keyspace=keyspace1,scope=standard1,name=AllMemtablesLiveDataSize:
12827964
#mbean = org.apache.cassandra.metrics:type=ClientRequest,scope=Write,name=Latency:
197.7294999999997
#mbean = org.apache.cassandra.metrics:type=ColumnFamily,keyspace=keyspace1,scope=standard1,name=LiveSSTableCount:
6
#mbean = org.apache.cassandra.metrics:type=ColumnFamily,keyspace=keyspace1,scope=standard1,name=AllMemtablesLiveDataSize:
23459148
#mbean = org.apache.cassandra.metrics:type=ClientRequest,scope=Write,name=Latency:
193.46854999999994
#mbean = org.apache.cassandra.metrics:type=ColumnFamily,keyspace=keyspace1,scope=standard1,name=LiveSSTableCount:
6
#mbean = org.apache.cassandra.metrics:type=ColumnFamily,keyspace=keyspace1,scope=standard1,name=AllMemtablesLiveDataSize:
23459148
#mbean = org.apache.cassandra.metrics:type=ClientRequest,scope=Write,name=Latency:
193.46854999999994
#mbean = org.apache.cassandra.metrics:type=ColumnFamily,keyspace=keyspace1,scope=standard1,name=LiveSSTableCount:
6
#mbean = org.apache.cassandra.metrics:type=ColumnFamily,keyspace=keyspace1,scope=standard1,name=AllMemtablesLiveDataSize:
23459148
#mbean = org.apache.cassandra.metrics:type=ClientRequest,scope=Write,name=Latency:
193.46854999999994
#mbean = org.apache.cassandra.metrics:type=ColumnFamily,keyspace=keyspace1,scope=standard1,name=LiveSSTableCount:
6
#mbean = org.apache.cassandra.metrics:type=ColumnFamily,keyspace=keyspace1,scope=standard1,name=AllMemtablesLiveDataSize:
23459148
#mbean = org.apache.cassandra.metrics:type=ClientRequest,scope=Write,name=Latency:
193.46854999999994
#mbean = org.apache.cassandra.metrics:type=ColumnFamily,keyspace=keyspace1,scope=standard1,name=LiveSSTableCount:
6
#mbean = org.apache.cassandra.metrics:type=ColumnFamily,keyspace=keyspace1,scope=standard1,name=AllMemtablesLiveDataSize:
23459148
#mbean = org.apache.cassandra.metrics:type=ClientRequest,scope=Write,name=Latency:
193.46854999999994
#mbean = org.apache.cassandra.metrics:type=ColumnFamily,keyspace=keyspace1,scope=standard1,name=LiveSSTableCount:
6
#mbean = org.apache.cassandra.metrics:type=ColumnFamily,keyspace=keyspace1,scope=standard1,name=AllMemtablesLiveDataSize:
23459148
#mbean = org.apache.cassandra.metrics:type=ClientRequest,scope=Write,name=Latency:
193.46854999999994
#mbean = org.apache.cassandra.metrics:type=ColumnFamily,keyspace=keyspace1,scope=standard1,name=LiveSSTableCount:
6
#mbean = org.apache.cassandra.metrics:type=ColumnFamily,keyspace=keyspace1,scope=standard1,name=AllMemtablesLiveDataSize:
23459148
#mbean = org.apache.cassandra.metrics:type=ClientRequest,scope=Write,name=Latency:
193.46854999999994
#mbean = org.apache.cassandra.metrics:type=ColumnFamily,keyspace=keyspace1,scope=standard1,name=LiveSSTableCount:
6
#mbean = org.apache.cassandra.metrics:type=ColumnFamily,keyspace=keyspace1,scope=standard1,name=AllMemtablesLiveDataSize:
23459148
#mbean = org.apache.cassandra.metrics:type=ClientRequest,scope=Write,name=Latency:
193.46854999999994
#mbean = org.apache.cassandra.metrics:type=ColumnFamily,keyspace=keyspace1,scope=standard1,name=LiveSSTableCount:
6
#mbean = org.apache.cassandra.metrics:type=ColumnFamily,keyspace=keyspace1,scope=standard1,name=AllMemtablesLiveDataSize:
23459148
#mbean = org.apache.cassandra.metrics:type=ClientRequest,scope=Write,name=Latency:
193.46854999999994
#mbean = org.apache.cassandra.metrics:type=ColumnFamily,keyspace=keyspace1,scope=standard1,name=LiveSSTableCount:
6
#mbean = org.apache.cassandra.metrics:type=ColumnFamily,keyspace=keyspace1,scope=standard1,name=AllMemtablesLiveDataSize:
23459148
#mbean = org.apache.cassandra.metrics:type=ClientRequest,scope=Write,name=Latency:
193.46854999999994
#mbean = org.apache.cassandra.metrics:type=ColumnFamily,keyspace=keyspace1,scope=standard1,name=LiveSSTableCount:
6
#mbean = org.apache.cassandra.metrics:type=ColumnFamily,keyspace=keyspace1,scope=standard1,name=AllMemtablesLiveDataSize:
23459148
#mbean = org.apache.cassandra.metrics:type=ClientRequest,scope=Write,name=Latency:
193.46854999999994
#mbean = org.apache.cassandra.metrics:type=ColumnFamily,keyspace=keyspace1,scope=standard1,name=LiveSSTableCount:
6
#mbean = org.apache.cassandra.metrics:type=ColumnFamily,keyspace=keyspace1,scope=standard1,name=AllMemtablesLiveDataSize:
23459148
#mbean = org.apache.cassandra.metrics:type=ClientRequest,scope=Write,name=Latency:
151.61294999999993
#mbean = org.apache.cassandra.metrics:type=ColumnFamily,keyspace=keyspace1,scope=standard1,name=LiveSSTableCount:
8
#mbean = org.apache.cassandra.metrics:type=ColumnFamily,keyspace=keyspace1,scope=standard1,name=AllMemtablesLiveDataSize:
16922844
#mbean = org.apache.cassandra.metrics:type=ClientRequest,scope=Write,name=Latency:
151.61294999999993
#mbean = org.apache.cassandra.metrics:type=ColumnFamily,keyspace=keyspace1,scope=standard1,name=LiveSSTableCount:
8
#mbean = org.apache.cassandra.metrics:type=ColumnFamily,keyspace=keyspace1,scope=standard1,name=AllMemtablesLiveDataSize:
16922844
#mbean = org.apache.cassandra.metrics:type=ClientRequest,scope=Write,name=Latency:
151.61294999999993
#mbean = org.apache.cassandra.metrics:type=ColumnFamily,keyspace=keyspace1,scope=standard1,name=LiveSSTableCount:
8
#mbean = org.apache.cassandra.metrics:type=ColumnFamily,keyspace=keyspace1,scope=standard1,name=AllMemtablesLiveDataSize:
16922844
#mbean = org.apache.cassandra.metrics:type=ClientRequest,scope=Write,name=Latency:
151.61294999999993
#mbean = org.apache.cassandra.metrics:type=ColumnFamily,keyspace=keyspace1,scope=standard1,name=LiveSSTableCount:
8
#bye
